ARM GAS  /cygdrive/c/Users/embedded/AppData/Local/Temp/cc8Y0S5r.s 			page 1


   1              		.code	16
   2              		.file	"buzzer.c"
   3              		.section	.debug_abbrev,"",%progbits
   4              	.Ldebug_abbrev0:
   5              		.section	.debug_info,"",%progbits
   6              	.Ldebug_info0:
   7              		.section	.debug_line,"",%progbits
   8              	.Ldebug_line0:
   9 0000 47000000 		.text
   9      02001F00 
   9      00000201 
   9      FB0E0D00 
   9      01010101 
  10              	.Ltext0:
  11              		.align	2
  12              		.global	enablebuzz
  13              		.code 16
  14              		.thumb_func
  15              		.type	enablebuzz, %function
  16              	enablebuzz:
  17              	.LFB2:
  18              		.file 1 "buzzer.c"
   1:buzzer.c      **** /*
   2:buzzer.c      ****  * buzzer.c
   3:buzzer.c      ****  *
   4:buzzer.c      ****  *  Created on: May 16, 2024
   5:buzzer.c      ****  *      Author: embedded
   6:buzzer.c      ****  */
   7:buzzer.c      **** 
   8:buzzer.c      **** /******************************************************************************
   9:buzzer.c      ****  *
  10:buzzer.c      ****  * Copyright:
  11:buzzer.c      ****  *    (C) 2000 - 2005 Embedded Artists AB
  12:buzzer.c      ****  *
  13:buzzer.c      ****  *****************************************************************************/
  14:buzzer.c      **** 
  15:buzzer.c      **** 
  16:buzzer.c      **** #include <general.h>
  17:buzzer.c      **** #include <lpc2xxx.h>
  18:buzzer.c      **** #include "buzzer.h"
  19:buzzer.c      **** 
  20:buzzer.c      **** /*****************************************************************************
  21:buzzer.c      ****  *
  22:buzzer.c      ****  * Description:
  23:buzzer.c      ****  *    A process entry function.
  24:buzzer.c      ****  *
  25:buzzer.c      ****  ****************************************************************************/
  26:buzzer.c      **** void
  27:buzzer.c      **** 
  28:buzzer.c      **** 
  29:buzzer.c      **** 
  30:buzzer.c      **** enablebuzz(void)
  31:buzzer.c      **** {
  19              		.loc 1 31 0
  32:buzzer.c      **** 
  33:buzzer.c      **** 
  34:buzzer.c      ****   IODIR0 |= 0x00000080;
ARM GAS  /cygdrive/c/Users/embedded/AppData/Local/Temp/cc8Y0S5r.s 			page 2


  20              		.loc 1 34 0
  21 0000 034A     		ldr	r2, .L3
  22 0002 1368     		ldr	r3, [r2]
  23 0004 8021     		mov	r1, #128
  24 0006 0B43     		orr	r3, r3, r1
  25 0008 1360     		str	r3, [r2]
  35:buzzer.c      ****   IOCLR0= 0x00000080;
  26              		.loc 1 35 0
  27 000a 024B     		ldr	r3, .L3+4
  28              		.loc 1 31 0
  29              		@ lr needed for prologue
  30              		.loc 1 35 0
  31 000c 1960     		str	r1, [r3]
  36:buzzer.c      **** 
  37:buzzer.c      **** 
  38:buzzer.c      **** }
  32              		.loc 1 38 0
  33              		@ sp needed for prologue
  34 000e 7047     		bx	lr
  35              	.L4:
  36              		.align	2
  37              	.L3:
  38 0010 088002E0 		.word	-536707064
  39 0014 0C8002E0 		.word	-536707060
  40              	.LFE2:
  41              		.size	enablebuzz, .-enablebuzz
  42              		.align	2
  43              		.global	disablebuzz
  44              		.code 16
  45              		.thumb_func
  46              		.type	disablebuzz, %function
  47              	disablebuzz:
  48              	.LFB3:
  39:buzzer.c      **** 
  40:buzzer.c      **** void disablebuzz(void)
  41:buzzer.c      **** {
  49              		.loc 1 41 0
  42:buzzer.c      **** 
  43:buzzer.c      **** 	 PWMMR2 = 1000;
  50              		.loc 1 43 0
  51 0018 074A     		ldr	r2, .L7
  52 001a FA23     		mov	r3, #250
  53 001c 9B00     		lsl	r3, r3, #2
  54 001e 1360     		str	r3, [r2]
  44:buzzer.c      **** 	 PWMLER = 0x5;
  55              		.loc 1 44 0
  56 0020 064B     		ldr	r3, .L7+4
  57 0022 0522     		mov	r2, #5
  58 0024 1A60     		str	r2, [r3]
  45:buzzer.c      ****   IODIR0 |= 0x00000080;
  59              		.loc 1 45 0
  60 0026 064A     		ldr	r2, .L7+8
  61 0028 1368     		ldr	r3, [r2]
  62 002a 8021     		mov	r1, #128
  63 002c 0B43     		orr	r3, r3, r1
  64 002e 1360     		str	r3, [r2]
  46:buzzer.c      ****   IOSET0= 0x00000080;
ARM GAS  /cygdrive/c/Users/embedded/AppData/Local/Temp/cc8Y0S5r.s 			page 3


  65              		.loc 1 46 0
  66 0030 044B     		ldr	r3, .L7+12
  67              		.loc 1 41 0
  68              		@ lr needed for prologue
  69              		.loc 1 46 0
  70 0032 1960     		str	r1, [r3]
  47:buzzer.c      **** 
  48:buzzer.c      **** 
  49:buzzer.c      **** }
  71              		.loc 1 49 0
  72              		@ sp needed for prologue
  73 0034 7047     		bx	lr
  74              	.L8:
  75 0036 0000     		.align	2
  76              	.L7:
  77 0038 204001E0 		.word	-536788960
  78 003c 504001E0 		.word	-536788912
  79 0040 088002E0 		.word	-536707064
  80 0044 048002E0 		.word	-536707068
  81              	.LFE3:
  82              		.size	disablebuzz, .-disablebuzz
  83              		.align	2
  84              		.global	buzzing
  85              		.code 16
  86              		.thumb_func
  87              		.type	buzzing, %function
  88              	buzzing:
  89              	.LFB4:
  50:buzzer.c      **** 
  51:buzzer.c      **** void buzzing(void){
  90              		.loc 1 51 0
  91 0048 00B5     		push	{lr}
  92              	.LCFI0:
  52:buzzer.c      **** 	osSleep(10);
  93              		.loc 1 52 0
  94 004a 0A20     		mov	r0, #10
  95 004c FFF7FEFF 		bl	osSleep
  53:buzzer.c      **** 		  PINSEL0 |= 0x00008000;
  96              		.loc 1 53 0
  97 0050 0E49     		ldr	r1, .L11
  98 0052 8023     		mov	r3, #128
  99 0054 0A68     		ldr	r2, [r1]
 100 0056 1B02     		lsl	r3, r3, #8
 101 0058 1A43     		orr	r2, r2, r3
 102 005a 0A60     		str	r2, [r1]
  54:buzzer.c      **** 		  PWMMR0 = 1000;
 103              		.loc 1 54 0
 104 005c FA23     		mov	r3, #250
 105 005e 0C4A     		ldr	r2, .L11+4
 106 0060 9B00     		lsl	r3, r3, #2
 107 0062 1360     		str	r3, [r2]
  55:buzzer.c      **** 		  PWMMR2 = 900;
 108              		.loc 1 55 0
 109 0064 E123     		mov	r3, #225
 110 0066 9B00     		lsl	r3, r3, #2
 111 0068 0832     		add	r2, r2, #8
 112 006a 1360     		str	r3, [r2]
ARM GAS  /cygdrive/c/Users/embedded/AppData/Local/Temp/cc8Y0S5r.s 			page 4


  56:buzzer.c      **** 		  PWMMCR = 0x002;
 113              		.loc 1 56 0
 114 006c 094B     		ldr	r3, .L11+8
 115 006e 0222     		mov	r2, #2
 116 0070 1A60     		str	r2, [r3]
  57:buzzer.c      **** 		  PWMLER = 0x5;
 117              		.loc 1 57 0
 118 0072 0522     		mov	r2, #5
 119 0074 3C33     		add	r3, r3, #60
 120 0076 1A60     		str	r2, [r3]
  58:buzzer.c      **** 		  PWMPCR = 0x5400;
 121              		.loc 1 58 0
 122 0078 074A     		ldr	r2, .L11+12
 123 007a A823     		mov	r3, #168
 124 007c DB01     		lsl	r3, r3, #7
 125 007e 1360     		str	r3, [r2]
  59:buzzer.c      **** 		  PWMTCR = 0x0009;
 126              		.loc 1 59 0
 127 0080 064B     		ldr	r3, .L11+16
 128 0082 0922     		mov	r2, #9
 129 0084 1A60     		str	r2, [r3]
  60:buzzer.c      **** 
  61:buzzer.c      **** }
 130              		.loc 1 61 0
 131              		@ sp needed for prologue
 132 0086 01BC     		pop	{r0}
 133 0088 0047     		bx	r0
 134              	.L12:
 135 008a 0000     		.align	2
 136              	.L11:
 137 008c 00C002E0 		.word	-536690688
 138 0090 184001E0 		.word	-536788968
 139 0094 144001E0 		.word	-536788972
 140 0098 4C4001E0 		.word	-536788916
 141 009c 044001E0 		.word	-536788988
 142              	.LFE4:
 143              		.size	buzzing, .-buzzing
 144              		.section	.debug_frame,"",%progbits
 145              	.Lframe0:
 146 0000 0C000000 		.4byte	.LECIE0-.LSCIE0
 147              	.LSCIE0:
 148 0004 FFFFFFFF 		.4byte	0xffffffff
 149 0008 01       		.byte	0x1
 150 0009 00       		.ascii	"\000"
 151 000a 01       		.uleb128 0x1
 152 000b 7C       		.sleb128 -4
 153 000c 0E       		.byte	0xe
 154 000d 0C       		.byte	0xc
 155 000e 0D       		.uleb128 0xd
 156 000f 00       		.uleb128 0x0
 157              		.align	2
 158              	.LECIE0:
 159              	.LSFDE0:
 160 0010 0C000000 		.4byte	.LEFDE0-.LASFDE0
 161              	.LASFDE0:
 162 0014 00000000 		.4byte	.Lframe0
 163 0018 00000000 		.4byte	.LFB2
ARM GAS  /cygdrive/c/Users/embedded/AppData/Local/Temp/cc8Y0S5r.s 			page 5


 164 001c 18000000 		.4byte	.LFE2-.LFB2
 165              		.align	2
 166              	.LEFDE0:
 167              	.LSFDE2:
 168 0020 0C000000 		.4byte	.LEFDE2-.LASFDE2
 169              	.LASFDE2:
 170 0024 00000000 		.4byte	.Lframe0
 171 0028 18000000 		.4byte	.LFB3
 172 002c 30000000 		.4byte	.LFE3-.LFB3
 173              		.align	2
 174              	.LEFDE2:
 175              	.LSFDE4:
 176 0030 14000000 		.4byte	.LEFDE4-.LASFDE4
 177              	.LASFDE4:
 178 0034 00000000 		.4byte	.Lframe0
 179 0038 48000000 		.4byte	.LFB4
 180 003c 58000000 		.4byte	.LFE4-.LFB4
 181 0040 42       		.byte	0x4
 182              		.4byte	.LCFI0-.LFB4
 183 0041 0E       		.byte	0xe
 184 0042 04       		.uleb128 0x4
 185 0043 8E       		.byte	0x8e
 186 0044 01       		.uleb128 0x1
 187 0045 000000   		.align	2
 188              	.LEFDE4:
 189              		.text
 190              	.Letext0:
 191              		.section	.debug_loc,"",%progbits
 192              	.Ldebug_loc0:
 193              	.LLST2:
 194 0000 48000000 		.4byte	.LFB4-.Ltext0
 195 0004 4A000000 		.4byte	.LCFI0-.Ltext0
 196 0008 0100     		.2byte	0x1
 197 000a 5D       		.byte	0x5d
 198 000b 4A000000 		.4byte	.LCFI0-.Ltext0
 199 000f A0000000 		.4byte	.LFE4-.Ltext0
 200 0013 0200     		.2byte	0x2
 201 0015 7D       		.byte	0x7d
 202 0016 04       		.sleb128 4
 203 0017 00000000 		.4byte	0x0
 204 001b 00000000 		.4byte	0x0
 205              		.section	.debug_info
 206 0000 87000000 		.4byte	0x87
 207 0004 0200     		.2byte	0x2
 208 0006 00000000 		.4byte	.Ldebug_abbrev0
 209 000a 04       		.byte	0x4
 210 000b 01       		.uleb128 0x1
 211 000c 00000000 		.4byte	.Ldebug_line0
 212 0010 A0000000 		.4byte	.Letext0
 213 0014 00000000 		.4byte	.Ltext0
 214 0018 4D000000 		.4byte	.LASF8
 215 001c 01       		.byte	0x1
 216 001d 59000000 		.4byte	.LASF9
 217 0021 70000000 		.4byte	.LASF10
 218 0025 02       		.uleb128 0x2
 219 0026 62000000 		.4byte	.LASF0
 220 002a 01       		.byte	0x1
ARM GAS  /cygdrive/c/Users/embedded/AppData/Local/Temp/cc8Y0S5r.s 			page 6


 221 002b 08       		.byte	0x8
 222 002c 02       		.uleb128 0x2
 223 002d 30000000 		.4byte	.LASF1
 224 0031 02       		.byte	0x2
 225 0032 07       		.byte	0x7
 226 0033 02       		.uleb128 0x2
 227 0034 00000000 		.4byte	.LASF2
 228 0038 04       		.byte	0x4
 229 0039 07       		.byte	0x7
 230 003a 02       		.uleb128 0x2
 231 003b 24000000 		.4byte	.LASF3
 232 003f 01       		.byte	0x1
 233 0040 06       		.byte	0x6
 234 0041 02       		.uleb128 0x2
 235 0042 43000000 		.4byte	.LASF4
 236 0046 02       		.byte	0x2
 237 0047 05       		.byte	0x5
 238 0048 03       		.uleb128 0x3
 239 0049 696E7400 		.ascii	"int\000"
 240 004d 04       		.byte	0x4
 241 004e 05       		.byte	0x5
 242 004f 04       		.uleb128 0x4
 243 0050 01       		.byte	0x1
 244 0051 19000000 		.4byte	.LASF5
 245 0055 01       		.byte	0x1
 246 0056 1F       		.byte	0x1f
 247 0057 01       		.byte	0x1
 248 0058 00000000 		.4byte	.LFB2
 249 005c 18000000 		.4byte	.LFE2
 250 0060 01       		.byte	0x1
 251 0061 5D       		.byte	0x5d
 252 0062 04       		.uleb128 0x4
 253 0063 01       		.byte	0x1
 254 0064 0D000000 		.4byte	.LASF6
 255 0068 01       		.byte	0x1
 256 0069 29       		.byte	0x29
 257 006a 01       		.byte	0x1
 258 006b 18000000 		.4byte	.LFB3
 259 006f 48000000 		.4byte	.LFE3
 260 0073 01       		.byte	0x1
 261 0074 5D       		.byte	0x5d
 262 0075 05       		.uleb128 0x5
 263 0076 01       		.byte	0x1
 264 0077 98000000 		.4byte	.LASF7
 265 007b 01       		.byte	0x1
 266 007c 33       		.byte	0x33
 267 007d 01       		.byte	0x1
 268 007e 48000000 		.4byte	.LFB4
 269 0082 A0000000 		.4byte	.LFE4
 270 0086 00000000 		.4byte	.LLST2
 271 008a 00       		.byte	0x0
 272              		.section	.debug_abbrev
 273 0000 01       		.uleb128 0x1
 274 0001 11       		.uleb128 0x11
 275 0002 01       		.byte	0x1
 276 0003 10       		.uleb128 0x10
 277 0004 06       		.uleb128 0x6
ARM GAS  /cygdrive/c/Users/embedded/AppData/Local/Temp/cc8Y0S5r.s 			page 7


 278 0005 12       		.uleb128 0x12
 279 0006 01       		.uleb128 0x1
 280 0007 11       		.uleb128 0x11
 281 0008 01       		.uleb128 0x1
 282 0009 25       		.uleb128 0x25
 283 000a 0E       		.uleb128 0xe
 284 000b 13       		.uleb128 0x13
 285 000c 0B       		.uleb128 0xb
 286 000d 03       		.uleb128 0x3
 287 000e 0E       		.uleb128 0xe
 288 000f 1B       		.uleb128 0x1b
 289 0010 0E       		.uleb128 0xe
 290 0011 00       		.byte	0x0
 291 0012 00       		.byte	0x0
 292 0013 02       		.uleb128 0x2
 293 0014 24       		.uleb128 0x24
 294 0015 00       		.byte	0x0
 295 0016 03       		.uleb128 0x3
 296 0017 0E       		.uleb128 0xe
 297 0018 0B       		.uleb128 0xb
 298 0019 0B       		.uleb128 0xb
 299 001a 3E       		.uleb128 0x3e
 300 001b 0B       		.uleb128 0xb
 301 001c 00       		.byte	0x0
 302 001d 00       		.byte	0x0
 303 001e 03       		.uleb128 0x3
 304 001f 24       		.uleb128 0x24
 305 0020 00       		.byte	0x0
 306 0021 03       		.uleb128 0x3
 307 0022 08       		.uleb128 0x8
 308 0023 0B       		.uleb128 0xb
 309 0024 0B       		.uleb128 0xb
 310 0025 3E       		.uleb128 0x3e
 311 0026 0B       		.uleb128 0xb
 312 0027 00       		.byte	0x0
 313 0028 00       		.byte	0x0
 314 0029 04       		.uleb128 0x4
 315 002a 2E       		.uleb128 0x2e
 316 002b 00       		.byte	0x0
 317 002c 3F       		.uleb128 0x3f
 318 002d 0C       		.uleb128 0xc
 319 002e 03       		.uleb128 0x3
 320 002f 0E       		.uleb128 0xe
 321 0030 3A       		.uleb128 0x3a
 322 0031 0B       		.uleb128 0xb
 323 0032 3B       		.uleb128 0x3b
 324 0033 0B       		.uleb128 0xb
 325 0034 27       		.uleb128 0x27
 326 0035 0C       		.uleb128 0xc
 327 0036 11       		.uleb128 0x11
 328 0037 01       		.uleb128 0x1
 329 0038 12       		.uleb128 0x12
 330 0039 01       		.uleb128 0x1
 331 003a 40       		.uleb128 0x40
 332 003b 0A       		.uleb128 0xa
 333 003c 00       		.byte	0x0
 334 003d 00       		.byte	0x0
ARM GAS  /cygdrive/c/Users/embedded/AppData/Local/Temp/cc8Y0S5r.s 			page 8


 335 003e 05       		.uleb128 0x5
 336 003f 2E       		.uleb128 0x2e
 337 0040 00       		.byte	0x0
 338 0041 3F       		.uleb128 0x3f
 339 0042 0C       		.uleb128 0xc
 340 0043 03       		.uleb128 0x3
 341 0044 0E       		.uleb128 0xe
 342 0045 3A       		.uleb128 0x3a
 343 0046 0B       		.uleb128 0xb
 344 0047 3B       		.uleb128 0x3b
 345 0048 0B       		.uleb128 0xb
 346 0049 27       		.uleb128 0x27
 347 004a 0C       		.uleb128 0xc
 348 004b 11       		.uleb128 0x11
 349 004c 01       		.uleb128 0x1
 350 004d 12       		.uleb128 0x12
 351 004e 01       		.uleb128 0x1
 352 004f 40       		.uleb128 0x40
 353 0050 06       		.uleb128 0x6
 354 0051 00       		.byte	0x0
 355 0052 00       		.byte	0x0
 356 0053 00       		.byte	0x0
 357              		.section	.debug_pubnames,"",%progbits
 358 0000 39000000 		.4byte	0x39
 359 0004 0200     		.2byte	0x2
 360 0006 00000000 		.4byte	.Ldebug_info0
 361 000a 8B000000 		.4byte	0x8b
 362 000e 4F000000 		.4byte	0x4f
 363 0012 656E6162 		.ascii	"enablebuzz\000"
 363      6C656275 
 363      7A7A00
 364 001d 62000000 		.4byte	0x62
 365 0021 64697361 		.ascii	"disablebuzz\000"
 365      626C6562 
 365      757A7A00 
 366 002d 75000000 		.4byte	0x75
 367 0031 62757A7A 		.ascii	"buzzing\000"
 367      696E6700 
 368 0039 00000000 		.4byte	0x0
 369              		.section	.debug_aranges,"",%progbits
 370 0000 1C000000 		.4byte	0x1c
 371 0004 0200     		.2byte	0x2
 372 0006 00000000 		.4byte	.Ldebug_info0
 373 000a 04       		.byte	0x4
 374 000b 00       		.byte	0x0
 375 000c 0000     		.2byte	0x0
 376 000e 0000     		.2byte	0x0
 377 0010 00000000 		.4byte	.Ltext0
 378 0014 A0000000 		.4byte	.Letext0-.Ltext0
 379 0018 00000000 		.4byte	0x0
 380 001c 00000000 		.4byte	0x0
 381              		.section	.debug_str,"MS",%progbits,1
 382              	.LASF2:
 383 0000 756E7369 		.ascii	"unsigned int\000"
 383      676E6564 
 383      20696E74 
 383      00
ARM GAS  /cygdrive/c/Users/embedded/AppData/Local/Temp/cc8Y0S5r.s 			page 9


 384              	.LASF6:
 385 000d 64697361 		.ascii	"disablebuzz\000"
 385      626C6562 
 385      757A7A00 
 386              	.LASF5:
 387 0019 656E6162 		.ascii	"enablebuzz\000"
 387      6C656275 
 387      7A7A00
 388              	.LASF3:
 389 0024 7369676E 		.ascii	"signed char\000"
 389      65642063 
 389      68617200 
 390              	.LASF1:
 391 0030 73686F72 		.ascii	"short unsigned int\000"
 391      7420756E 
 391      7369676E 
 391      65642069 
 391      6E7400
 392              	.LASF4:
 393 0043 73686F72 		.ascii	"short int\000"
 393      7420696E 
 393      7400
 394              	.LASF8:
 395 004d 474E5520 		.ascii	"GNU C 4.1.1\000"
 395      4320342E 
 395      312E3100 
 396              	.LASF9:
 397 0059 62757A7A 		.ascii	"buzzer.c\000"
 397      65722E63 
 397      00
 398              	.LASF0:
 399 0062 756E7369 		.ascii	"unsigned char\000"
 399      676E6564 
 399      20636861 
 399      7200
 400              	.LASF10:
 401 0070 2F637967 		.ascii	"/cygdrive/c/Users/embedded/Desktop/2148\000"
 401      64726976 
 401      652F632F 
 401      55736572 
 401      732F656D 
 402              	.LASF7:
 403 0098 62757A7A 		.ascii	"buzzing\000"
 403      696E6700 
 404              		.ident	"GCC: (GNU) 4.1.1"
ARM GAS  /cygdrive/c/Users/embedded/AppData/Local/Temp/cc8Y0S5r.s 			page 10


DEFINED SYMBOLS
                            *ABS*:00000000 buzzer.c
/cygdrive/c/Users/embedded/AppData/Local/Temp/cc8Y0S5r.s:1      .text:00000000 $t
/cygdrive/c/Users/embedded/AppData/Local/Temp/cc8Y0S5r.s:16     .text:00000000 enablebuzz
/cygdrive/c/Users/embedded/AppData/Local/Temp/cc8Y0S5r.s:38     .text:00000010 $d
/cygdrive/c/Users/embedded/AppData/Local/Temp/cc8Y0S5r.s:47     .text:00000018 disablebuzz
/cygdrive/c/Users/embedded/AppData/Local/Temp/cc8Y0S5r.s:44     .text:00000018 $t
/cygdrive/c/Users/embedded/AppData/Local/Temp/cc8Y0S5r.s:77     .text:00000038 $d
/cygdrive/c/Users/embedded/AppData/Local/Temp/cc8Y0S5r.s:88     .text:00000048 buzzing
/cygdrive/c/Users/embedded/AppData/Local/Temp/cc8Y0S5r.s:85     .text:00000048 $t
/cygdrive/c/Users/embedded/AppData/Local/Temp/cc8Y0S5r.s:137    .text:0000008c $d

UNDEFINED SYMBOLS
osSleep
