ARM GAS  /cygdrive/c/Users/embedded/AppData/Local/Temp/cc57wVvn.s 			page 1


   1              		.code	16
   2              		.file	"main.c"
   3              		.section	.debug_abbrev,"",%progbits
   4              	.Ldebug_abbrev0:
   5              		.section	.debug_info,"",%progbits
   6              	.Ldebug_info0:
   7              		.section	.debug_line,"",%progbits
   8              	.Ldebug_line0:
   9 0000 86000000 		.text
   9      02004400 
   9      00000201 
   9      FB0E0D00 
   9      01010101 
  10              	.Ltext0:
  11              		.align	2
  12              		.global	appTick
  13              		.code 16
  14              		.thumb_func
  15              		.type	appTick, %function
  16              	appTick:
  17              	.LFB6:
  18              		.file 1 "main.c"
   1:main.c        **** 
   2:main.c        **** #include "pre_emptive_os/api/osapi.h"
   3:main.c        **** #include "pre_emptive_os/api/general.h"
   4:main.c        **** #include <printf_P.h>
   5:main.c        **** #include <ea_init.h>
   6:main.c        **** #include <lpc2xxx.h>
   7:main.c        **** #include <consol.h>
   8:main.c        **** 
   9:main.c        **** #define PROC1_STACK_SIZE 2048
  10:main.c        **** #define PROC2_STACK_SIZE 2048
  11:main.c        **** 
  12:main.c        **** #define INIT_STACK_SIZE  400
  13:main.c        **** 
  14:main.c        **** static tU8 proc1Stack[PROC1_STACK_SIZE];
  15:main.c        **** static tU8 proc2Stack[PROC2_STACK_SIZE];
  16:main.c        **** 
  17:main.c        **** static tU8 initStack[INIT_STACK_SIZE];
  18:main.c        **** static tU8 pid1;
  19:main.c        **** static tU8 pid2;
  20:main.c        **** 
  21:main.c        **** 
  22:main.c        **** static void proc1(void* arg);
  23:main.c        **** static void proc2(void* arg);
  24:main.c        **** 
  25:main.c        **** static void initProc(void* arg);
  26:main.c        **** 
  27:main.c        **** void startTimer1(void);
  28:main.c        **** 
  29:main.c        **** 
  30:main.c        **** int
  31:main.c        **** main(void)
  32:main.c        **** {
  33:main.c        ****   tU8 error;
  34:main.c        ****   tU8 pid;
  35:main.c        **** 
ARM GAS  /cygdrive/c/Users/embedded/AppData/Local/Temp/cc57wVvn.s 			page 2


  36:main.c        ****   //immediately turn off buzzer (if connected)
  37:main.c        ****   IODIR0 |= 0x00000080;
  38:main.c        ****   IOSET0  = 0x00000080;
  39:main.c        ****   
  40:main.c        ****   osInit();
  41:main.c        ****   osCreateProcess(initProc, initStack, INIT_STACK_SIZE, &pid, 1, NULL, &error);
  42:main.c        ****   osStartProcess(pid, &error);
  43:main.c        ****   
  44:main.c        ****   osStart();
  45:main.c        ****   return 0;
  46:main.c        **** }
  47:main.c        **** 
  48:main.c        **** static void
  49:main.c        **** proc1(void* arg)
  50:main.c        **** {
  51:main.c        **** 	tU8  centerReleased = TRUE;
  52:main.c        **** 	tU8  error;
  53:main.c        ****     osCreateProcess(proc2, proc2Stack, PROC2_STACK_SIZE, &pid2, 3, NULL, &error);
  54:main.c        ****     osStartProcess(pid2, &error);
  55:main.c        **** 
  56:main.c        ****     osSleep(100);
  57:main.c        **** 
  58:main.c        ****     IOPIN &= ~0x001f0000;
  59:main.c        ****     for(;;){
  60:main.c        **** 
  61:main.c        ****       if ((IOPIN & 0x00010000) == 0)
  62:main.c        ****       {
  63:main.c        ****       	if (centerReleased == TRUE)
  64:main.c        ****       	{
  65:main.c        ****       		centerReleased = FALSE;
  66:main.c        ****       	}
  67:main.c        ****       }
  68:main.c        ****       else
  69:main.c        ****       {
  70:main.c        ****       	if (centerReleased == FALSE)
  71:main.c        ****       	centerReleased = TRUE;
  72:main.c        ****       }
  73:main.c        ****       osSleep(2);
  74:main.c        ****     }
  75:main.c        **** }
  76:main.c        **** static void
  77:main.c        **** proc2(void* arg)
  78:main.c        **** {
  79:main.c        **** 	startTimer1();
  80:main.c        **** 	startMenu();
  81:main.c        **** }
  82:main.c        **** static void
  83:main.c        **** initProc(void* arg)
  84:main.c        **** {
  85:main.c        ****   tU8 error;
  86:main.c        **** 
  87:main.c        ****   eaInit();
  88:main.c        ****   osCreateProcess(proc1, proc1Stack, PROC1_STACK_SIZE, &pid1, 3, NULL, &error);
  89:main.c        ****   osStartProcess(pid1, &error);
  90:main.c        **** 
  91:main.c        ****   osDeleteProcess();
  92:main.c        **** }
ARM GAS  /cygdrive/c/Users/embedded/AppData/Local/Temp/cc57wVvn.s 			page 3


  93:main.c        **** 
  94:main.c        **** void
  95:main.c        **** appTick(tU32 elapsedTime)
  96:main.c        **** {
  19              		.loc 1 96 0
  20              	.LVL0:
  21              		@ lr needed for prologue
  97:main.c        **** }
  22              		.loc 1 97 0
  23              		@ sp needed for prologue
  24 0000 7047     		bx	lr
  25              	.LFE6:
  26              		.size	appTick, .-appTick
  27 0002 0000     		.align	2
  28              		.global	main
  29              		.code 16
  30              		.thumb_func
  31              		.type	main, %function
  32              	main:
  33              	.LFB2:
  34              		.loc 1 32 0
  35 0004 30B5     		push	{r4, r5, lr}
  36              	.LCFI0:
  37              		.loc 1 37 0
  38 0006 124A     		ldr	r2, .L5
  39 0008 1368     		ldr	r3, [r2]
  40 000a 8021     		mov	r1, #128
  41 000c 0B43     		orr	r3, r3, r1
  42 000e 1360     		str	r3, [r2]
  43              		.loc 1 38 0
  44 0010 104B     		ldr	r3, .L5+4
  45              		.loc 1 32 0
  46 0012 84B0     		sub	sp, sp, #16
  47              	.LCFI1:
  48              		.loc 1 38 0
  49 0014 1960     		str	r1, [r3]
  50              		.loc 1 40 0
  51 0016 FFF7FEFF 		bl	osInit
  52              		.loc 1 41 0
  53 001a 6D46     		mov	r5, sp
  54 001c 0123     		mov	r3, #1
  55 001e 0E35     		add	r5, r5, #14
  56 0020 0093     		str	r3, [sp]
  57 0022 6C46     		mov	r4, sp
  58 0024 0023     		mov	r3, #0
  59 0026 C822     		mov	r2, #200
  60 0028 5200     		lsl	r2, r2, #1
  61 002a 0193     		str	r3, [sp, #4]
  62 002c 0F34     		add	r4, r4, #15
  63 002e 2B1C     		mov	r3, r5
  64 0030 0948     		ldr	r0, .L5+8
  65 0032 0A49     		ldr	r1, .L5+12
  66 0034 0294     		str	r4, [sp, #8]
  67 0036 FFF7FEFF 		bl	osCreateProcess
  68              	.LVL1:
  69              		.loc 1 42 0
  70 003a 2878     		ldrb	r0, [r5]
ARM GAS  /cygdrive/c/Users/embedded/AppData/Local/Temp/cc57wVvn.s 			page 4


  71 003c 211C     		mov	r1, r4
  72 003e FFF7FEFF 		bl	osStartProcess
  73              		.loc 1 44 0
  74 0042 FFF7FEFF 		bl	osStart
  75              		.loc 1 46 0
  76 0046 0020     		mov	r0, #0
  77 0048 04B0     		add	sp, sp, #16
  78              		@ sp needed for prologue
  79 004a 30BC     		pop	{r4, r5}
  80 004c 02BC     		pop	{r1}
  81 004e 0847     		bx	r1
  82              	.L6:
  83              		.align	2
  84              	.L5:
  85 0050 088002E0 		.word	-536707064
  86 0054 048002E0 		.word	-536707068
  87 0058 00000000 		.word	initProc
  88 005c 00100000 		.word	initStack
  89              	.LFE2:
  90              		.size	main, .-main
  91              		.align	2
  92              		.code 16
  93              		.thumb_func
  94              		.type	initProc, %function
  95              	initProc:
  96              	.LFB5:
  97              		.loc 1 84 0
  98 0060 30B5     		push	{r4, r5, lr}
  99              	.LCFI2:
 100              	.LVL2:
 101 0062 84B0     		sub	sp, sp, #16
 102              	.LCFI3:
 103              		.loc 1 87 0
 104 0064 FFF7FEFF 		bl	eaInit
 105              	.LVL3:
 106              		.loc 1 88 0
 107 0068 0C4D     		ldr	r5, .L9
 108 006a 0323     		mov	r3, #3
 109 006c 0093     		str	r3, [sp]
 110 006e 6C46     		mov	r4, sp
 111 0070 0023     		mov	r3, #0
 112 0072 8022     		mov	r2, #128
 113 0074 1201     		lsl	r2, r2, #4
 114 0076 0193     		str	r3, [sp, #4]
 115 0078 0F34     		add	r4, r4, #15
 116 007a 2B1C     		mov	r3, r5
 117 007c 0848     		ldr	r0, .L9+4
 118 007e 0949     		ldr	r1, .L9+8
 119 0080 0294     		str	r4, [sp, #8]
 120 0082 FFF7FEFF 		bl	osCreateProcess
 121              		.loc 1 89 0
 122 0086 2878     		ldrb	r0, [r5]
 123 0088 211C     		mov	r1, r4
 124 008a FFF7FEFF 		bl	osStartProcess
 125              		.loc 1 91 0
 126 008e FFF7FEFF 		bl	osDeleteProcess
 127              		.loc 1 92 0
ARM GAS  /cygdrive/c/Users/embedded/AppData/Local/Temp/cc57wVvn.s 			page 5


 128 0092 04B0     		add	sp, sp, #16
 129              		@ sp needed for prologue
 130 0094 30BC     		pop	{r4, r5}
 131 0096 01BC     		pop	{r0}
 132 0098 0047     		bx	r0
 133              	.L10:
 134 009a 0000     		.align	2
 135              	.L9:
 136 009c 90110000 		.word	pid1
 137 00a0 00000000 		.word	proc1
 138 00a4 00000000 		.word	proc1Stack
 139              	.LFE5:
 140              		.size	initProc, .-initProc
 141              		.align	2
 142              		.code 16
 143              		.thumb_func
 144              		.type	proc1, %function
 145              	proc1:
 146              	.LFB3:
 147              		.loc 1 50 0
 148 00a8 30B5     		push	{r4, r5, lr}
 149              	.LCFI4:
 150              	.LVL4:
 151 00aa 84B0     		sub	sp, sp, #16
 152              	.LCFI5:
 153              		.loc 1 53 0
 154 00ac 104D     		ldr	r5, .L14
 155 00ae 0323     		mov	r3, #3
 156 00b0 0093     		str	r3, [sp]
 157 00b2 6C46     		mov	r4, sp
 158 00b4 0023     		mov	r3, #0
 159 00b6 8022     		mov	r2, #128
 160 00b8 1201     		lsl	r2, r2, #4
 161 00ba 0E48     		ldr	r0, .L14+4
 162              	.LVL5:
 163 00bc 0E49     		ldr	r1, .L14+8
 164 00be 0193     		str	r3, [sp, #4]
 165 00c0 0F34     		add	r4, r4, #15
 166 00c2 2B1C     		mov	r3, r5
 167 00c4 0294     		str	r4, [sp, #8]
 168 00c6 FFF7FEFF 		bl	osCreateProcess
 169              		.loc 1 54 0
 170 00ca 211C     		mov	r1, r4
 171 00cc 2878     		ldrb	r0, [r5]
 172 00ce FFF7FEFF 		bl	osStartProcess
 173              		.loc 1 56 0
 174 00d2 6420     		mov	r0, #100
 175 00d4 FFF7FEFF 		bl	osSleep
 176              		.loc 1 58 0
 177 00d8 0849     		ldr	r1, .L14+12
 178 00da 094A     		ldr	r2, .L14+16
 179 00dc 0B68     		ldr	r3, [r1]
 180 00de 1340     		and	r3, r3, r2
 181 00e0 0B60     		str	r3, [r1]
 182              	.L12:
 183              		.loc 1 61 0
 184 00e2 064B     		ldr	r3, .L14+12
ARM GAS  /cygdrive/c/Users/embedded/AppData/Local/Temp/cc57wVvn.s 			page 6


 185              		.loc 1 73 0
 186 00e4 0220     		mov	r0, #2
 187              		.loc 1 61 0
 188 00e6 1B68     		ldr	r3, [r3]
 189              		.loc 1 73 0
 190 00e8 FFF7FEFF 		bl	osSleep
 191 00ec F9E7     		b	.L12
 192              	.L15:
 193 00ee 0000     		.align	2
 194              	.L14:
 195 00f0 91110000 		.word	pid2
 196 00f4 00000000 		.word	proc2
 197 00f8 00080000 		.word	proc2Stack
 198 00fc 008002E0 		.word	-536707072
 199 0100 FFFFE0FF 		.word	-2031617
 200              	.LFE3:
 201              		.size	proc1, .-proc1
 202              		.align	2
 203              		.code 16
 204              		.thumb_func
 205              		.type	proc2, %function
 206              	proc2:
 207              	.LFB4:
 208              		.loc 1 78 0
 209 0104 00B5     		push	{lr}
 210              	.LCFI6:
 211              	.LVL6:
 212              		.loc 1 79 0
 213 0106 FFF7FEFF 		bl	startTimer1
 214              	.LVL7:
 215              		.loc 1 80 0
 216 010a FFF7FEFF 		bl	startMenu
 217              		.loc 1 81 0
 218              		@ sp needed for prologue
 219 010e 01BC     		pop	{r0}
 220 0110 0047     		bx	r0
 221              	.LFE4:
 222              		.size	proc2, .-proc2
 223              		.bss
 224              	proc1Stack:
 225 0000 00000000 		.space	2048
 225      00000000 
 225      00000000 
 225      00000000 
 225      00000000 
 226              	proc2Stack:
 227 0800 00000000 		.space	2048
 227      00000000 
 227      00000000 
 227      00000000 
 227      00000000 
 228              	initStack:
 229 1000 00000000 		.space	400
 229      00000000 
 229      00000000 
 229      00000000 
 229      00000000 
ARM GAS  /cygdrive/c/Users/embedded/AppData/Local/Temp/cc57wVvn.s 			page 7


 230              	pid1:
 231 1190 00       		.space	1
 232              	pid2:
 233 1191 00       		.space	1
 234              		.section	.debug_frame,"",%progbits
 235              	.Lframe0:
 236 0000 0C000000 		.4byte	.LECIE0-.LSCIE0
 237              	.LSCIE0:
 238 0004 FFFFFFFF 		.4byte	0xffffffff
 239 0008 01       		.byte	0x1
 240 0009 00       		.ascii	"\000"
 241 000a 01       		.uleb128 0x1
 242 000b 7C       		.sleb128 -4
 243 000c 0E       		.byte	0xe
 244 000d 0C       		.byte	0xc
 245 000e 0D       		.uleb128 0xd
 246 000f 00       		.uleb128 0x0
 247              		.align	2
 248              	.LECIE0:
 249              	.LSFDE0:
 250 0010 0C000000 		.4byte	.LEFDE0-.LASFDE0
 251              	.LASFDE0:
 252 0014 00000000 		.4byte	.Lframe0
 253 0018 00000000 		.4byte	.LFB6
 254 001c 02000000 		.4byte	.LFE6-.LFB6
 255              		.align	2
 256              	.LEFDE0:
 257              	.LSFDE2:
 258 0020 18000000 		.4byte	.LEFDE2-.LASFDE2
 259              	.LASFDE2:
 260 0024 00000000 		.4byte	.Lframe0
 261 0028 04000000 		.4byte	.LFB2
 262 002c 5C000000 		.4byte	.LFE2-.LFB2
 263 0030 42       		.byte	0x4
 264              		.4byte	.LCFI0-.LFB2
 265 0031 0E       		.byte	0xe
 266 0032 0C       		.uleb128 0xc
 267 0033 84       		.byte	0x84
 268 0034 03       		.uleb128 0x3
 269 0035 85       		.byte	0x85
 270 0036 02       		.uleb128 0x2
 271 0037 8E       		.byte	0x8e
 272 0038 01       		.uleb128 0x1
 273 0039 4E       		.byte	0x4
 274              		.4byte	.LCFI1-.LCFI0
 275 003a 0E       		.byte	0xe
 276 003b 1C       		.uleb128 0x1c
 277              		.align	2
 278              	.LEFDE2:
 279              	.LSFDE4:
 280 003c 18000000 		.4byte	.LEFDE4-.LASFDE4
 281              	.LASFDE4:
 282 0040 00000000 		.4byte	.Lframe0
 283 0044 60000000 		.4byte	.LFB5
 284 0048 48000000 		.4byte	.LFE5-.LFB5
 285 004c 42       		.byte	0x4
 286              		.4byte	.LCFI2-.LFB5
ARM GAS  /cygdrive/c/Users/embedded/AppData/Local/Temp/cc57wVvn.s 			page 8


 287 004d 0E       		.byte	0xe
 288 004e 0C       		.uleb128 0xc
 289 004f 84       		.byte	0x84
 290 0050 03       		.uleb128 0x3
 291 0051 85       		.byte	0x85
 292 0052 02       		.uleb128 0x2
 293 0053 8E       		.byte	0x8e
 294 0054 01       		.uleb128 0x1
 295 0055 42       		.byte	0x4
 296              		.4byte	.LCFI3-.LCFI2
 297 0056 0E       		.byte	0xe
 298 0057 1C       		.uleb128 0x1c
 299              		.align	2
 300              	.LEFDE4:
 301              	.LSFDE6:
 302 0058 18000000 		.4byte	.LEFDE6-.LASFDE6
 303              	.LASFDE6:
 304 005c 00000000 		.4byte	.Lframe0
 305 0060 A8000000 		.4byte	.LFB3
 306 0064 5C000000 		.4byte	.LFE3-.LFB3
 307 0068 42       		.byte	0x4
 308              		.4byte	.LCFI4-.LFB3
 309 0069 0E       		.byte	0xe
 310 006a 0C       		.uleb128 0xc
 311 006b 84       		.byte	0x84
 312 006c 03       		.uleb128 0x3
 313 006d 85       		.byte	0x85
 314 006e 02       		.uleb128 0x2
 315 006f 8E       		.byte	0x8e
 316 0070 01       		.uleb128 0x1
 317 0071 42       		.byte	0x4
 318              		.4byte	.LCFI5-.LCFI4
 319 0072 0E       		.byte	0xe
 320 0073 1C       		.uleb128 0x1c
 321              		.align	2
 322              	.LEFDE6:
 323              	.LSFDE8:
 324 0074 14000000 		.4byte	.LEFDE8-.LASFDE8
 325              	.LASFDE8:
 326 0078 00000000 		.4byte	.Lframe0
 327 007c 04010000 		.4byte	.LFB4
 328 0080 0E000000 		.4byte	.LFE4-.LFB4
 329 0084 42       		.byte	0x4
 330              		.4byte	.LCFI6-.LFB4
 331 0085 0E       		.byte	0xe
 332 0086 04       		.uleb128 0x4
 333 0087 8E       		.byte	0x8e
 334 0088 01       		.uleb128 0x1
 335 0089 000000   		.align	2
 336              	.LEFDE8:
 337              		.file 2 "pre_emptive_os/api/../api/general.h"
 338              		.text
 339              	.Letext0:
 340 0112 C046     		.section	.debug_loc,"",%progbits
 341              	.Ldebug_loc0:
 342              	.LLST1:
 343 0000 04000000 		.4byte	.LFB2-.Ltext0
ARM GAS  /cygdrive/c/Users/embedded/AppData/Local/Temp/cc57wVvn.s 			page 9


 344 0004 06000000 		.4byte	.LCFI0-.Ltext0
 345 0008 0100     		.2byte	0x1
 346 000a 5D       		.byte	0x5d
 347 000b 06000000 		.4byte	.LCFI0-.Ltext0
 348 000f 14000000 		.4byte	.LCFI1-.Ltext0
 349 0013 0200     		.2byte	0x2
 350 0015 7D       		.byte	0x7d
 351 0016 0C       		.sleb128 12
 352 0017 14000000 		.4byte	.LCFI1-.Ltext0
 353 001b 60000000 		.4byte	.LFE2-.Ltext0
 354 001f 0200     		.2byte	0x2
 355 0021 7D       		.byte	0x7d
 356 0022 1C       		.sleb128 28
 357 0023 00000000 		.4byte	0x0
 358 0027 00000000 		.4byte	0x0
 359              	.LLST2:
 360 002b 60000000 		.4byte	.LFB5-.Ltext0
 361 002f 62000000 		.4byte	.LCFI2-.Ltext0
 362 0033 0100     		.2byte	0x1
 363 0035 5D       		.byte	0x5d
 364 0036 62000000 		.4byte	.LCFI2-.Ltext0
 365 003a 64000000 		.4byte	.LCFI3-.Ltext0
 366 003e 0200     		.2byte	0x2
 367 0040 7D       		.byte	0x7d
 368 0041 0C       		.sleb128 12
 369 0042 64000000 		.4byte	.LCFI3-.Ltext0
 370 0046 A8000000 		.4byte	.LFE5-.Ltext0
 371 004a 0200     		.2byte	0x2
 372 004c 7D       		.byte	0x7d
 373 004d 1C       		.sleb128 28
 374 004e 00000000 		.4byte	0x0
 375 0052 00000000 		.4byte	0x0
 376              	.LLST3:
 377 0056 62000000 		.4byte	.LVL2-.Ltext0
 378 005a 68000000 		.4byte	.LVL3-.Ltext0
 379 005e 0100     		.2byte	0x1
 380 0060 50       		.byte	0x50
 381 0061 00000000 		.4byte	0x0
 382 0065 00000000 		.4byte	0x0
 383              	.LLST4:
 384 0069 A8000000 		.4byte	.LFB3-.Ltext0
 385 006d AA000000 		.4byte	.LCFI4-.Ltext0
 386 0071 0100     		.2byte	0x1
 387 0073 5D       		.byte	0x5d
 388 0074 AA000000 		.4byte	.LCFI4-.Ltext0
 389 0078 AC000000 		.4byte	.LCFI5-.Ltext0
 390 007c 0200     		.2byte	0x2
 391 007e 7D       		.byte	0x7d
 392 007f 0C       		.sleb128 12
 393 0080 AC000000 		.4byte	.LCFI5-.Ltext0
 394 0084 04010000 		.4byte	.LFE3-.Ltext0
 395 0088 0200     		.2byte	0x2
 396 008a 7D       		.byte	0x7d
 397 008b 1C       		.sleb128 28
 398 008c 00000000 		.4byte	0x0
 399 0090 00000000 		.4byte	0x0
 400              	.LLST5:
ARM GAS  /cygdrive/c/Users/embedded/AppData/Local/Temp/cc57wVvn.s 			page 10


 401 0094 AA000000 		.4byte	.LVL4-.Ltext0
 402 0098 BC000000 		.4byte	.LVL5-.Ltext0
 403 009c 0100     		.2byte	0x1
 404 009e 50       		.byte	0x50
 405 009f 00000000 		.4byte	0x0
 406 00a3 00000000 		.4byte	0x0
 407              	.LLST6:
 408 00a7 04010000 		.4byte	.LFB4-.Ltext0
 409 00ab 06010000 		.4byte	.LCFI6-.Ltext0
 410 00af 0100     		.2byte	0x1
 411 00b1 5D       		.byte	0x5d
 412 00b2 06010000 		.4byte	.LCFI6-.Ltext0
 413 00b6 12010000 		.4byte	.LFE4-.Ltext0
 414 00ba 0200     		.2byte	0x2
 415 00bc 7D       		.byte	0x7d
 416 00bd 04       		.sleb128 4
 417 00be 00000000 		.4byte	0x0
 418 00c2 00000000 		.4byte	0x0
 419              	.LLST7:
 420 00c6 06010000 		.4byte	.LVL6-.Ltext0
 421 00ca 0A010000 		.4byte	.LVL7-.Ltext0
 422 00ce 0100     		.2byte	0x1
 423 00d0 50       		.byte	0x50
 424 00d1 00000000 		.4byte	0x0
 425 00d5 00000000 		.4byte	0x0
 426              		.section	.debug_info
 427 0000 E0010000 		.4byte	0x1e0
 428 0004 0200     		.2byte	0x2
 429 0006 00000000 		.4byte	.Ldebug_abbrev0
 430 000a 04       		.byte	0x4
 431 000b 01       		.uleb128 0x1
 432 000c 00000000 		.4byte	.Ldebug_line0
 433 0010 12010000 		.4byte	.Letext0
 434 0014 00000000 		.4byte	.Ltext0
 435 0018 8F000000 		.4byte	.LASF20
 436 001c 01       		.byte	0x1
 437 001d F1000000 		.4byte	.LASF21
 438 0021 BD000000 		.4byte	.LASF22
 439 0025 02       		.uleb128 0x2
 440 0026 74553800 		.ascii	"tU8\000"
 441 002a 02       		.byte	0x2
 442 002b 47       		.byte	0x47
 443 002c 30000000 		.4byte	0x30
 444 0030 03       		.uleb128 0x3
 445 0031 29000000 		.4byte	.LASF0
 446 0035 01       		.byte	0x1
 447 0036 08       		.byte	0x8
 448 0037 03       		.uleb128 0x3
 449 0038 49000000 		.4byte	.LASF1
 450 003c 02       		.byte	0x2
 451 003d 07       		.byte	0x7
 452 003e 04       		.uleb128 0x4
 453 003f 9B000000 		.4byte	.LASF2
 454 0043 02       		.byte	0x2
 455 0044 49       		.byte	0x49
 456 0045 49000000 		.4byte	0x49
 457 0049 03       		.uleb128 0x3
ARM GAS  /cygdrive/c/Users/embedded/AppData/Local/Temp/cc57wVvn.s 			page 11


 458 004a 6D000000 		.4byte	.LASF3
 459 004e 04       		.byte	0x4
 460 004f 07       		.byte	0x7
 461 0050 03       		.uleb128 0x3
 462 0051 E5000000 		.4byte	.LASF4
 463 0055 01       		.byte	0x1
 464 0056 06       		.byte	0x6
 465 0057 03       		.uleb128 0x3
 466 0058 AD000000 		.4byte	.LASF5
 467 005c 02       		.byte	0x2
 468 005d 05       		.byte	0x5
 469 005e 05       		.uleb128 0x5
 470 005f 696E7400 		.ascii	"int\000"
 471 0063 04       		.byte	0x4
 472 0064 05       		.byte	0x5
 473 0065 03       		.uleb128 0x3
 474 0066 37000000 		.4byte	.LASF6
 475 006a 04       		.byte	0x4
 476 006b 07       		.byte	0x7
 477 006c 06       		.uleb128 0x6
 478 006d 04       		.byte	0x4
 479 006e 07       		.uleb128 0x7
 480 006f 93000000 		.4byte	0x93
 481 0073 01       		.byte	0x1
 482 0074 A0000000 		.4byte	.LASF7
 483 0078 01       		.byte	0x1
 484 0079 60       		.byte	0x60
 485 007a 01       		.byte	0x1
 486 007b 00000000 		.4byte	.LFB6
 487 007f 02000000 		.4byte	.LFE6
 488 0083 01       		.byte	0x1
 489 0084 5D       		.byte	0x5d
 490 0085 08       		.uleb128 0x8
 491 0086 7A000000 		.4byte	.LASF10
 492 008a 01       		.byte	0x1
 493 008b 5F       		.byte	0x5f
 494 008c 3E000000 		.4byte	0x3e
 495 0090 01       		.byte	0x1
 496 0091 50       		.byte	0x50
 497 0092 00       		.byte	0x0
 498 0093 09       		.uleb128 0x9
 499 0094 CD000000 		.4byte	0xcd
 500 0098 01       		.byte	0x1
 501 0099 68000000 		.4byte	.LASF8
 502 009d 01       		.byte	0x1
 503 009e 20       		.byte	0x20
 504 009f 01       		.byte	0x1
 505 00a0 5E000000 		.4byte	0x5e
 506 00a4 04000000 		.4byte	.LFB2
 507 00a8 60000000 		.4byte	.LFE2
 508 00ac 00000000 		.4byte	.LLST1
 509 00b0 0A       		.uleb128 0xa
 510 00b1 B7000000 		.4byte	.LASF9
 511 00b5 01       		.byte	0x1
 512 00b6 21       		.byte	0x21
 513 00b7 25000000 		.4byte	0x25
 514 00bb 02       		.byte	0x2
ARM GAS  /cygdrive/c/Users/embedded/AppData/Local/Temp/cc57wVvn.s 			page 12


 515 00bc 91       		.byte	0x91
 516 00bd 73       		.sleb128 -13
 517 00be 0B       		.uleb128 0xb
 518 00bf 70696400 		.ascii	"pid\000"
 519 00c3 01       		.byte	0x1
 520 00c4 22       		.byte	0x22
 521 00c5 25000000 		.4byte	0x25
 522 00c9 02       		.byte	0x2
 523 00ca 75       		.byte	0x75
 524 00cb 00       		.sleb128 0
 525 00cc 00       		.byte	0x0
 526 00cd 0C       		.uleb128 0xc
 527 00ce 03010000 		.4byte	0x103
 528 00d2 86000000 		.4byte	.LASF11
 529 00d6 01       		.byte	0x1
 530 00d7 54       		.byte	0x54
 531 00d8 01       		.byte	0x1
 532 00d9 60000000 		.4byte	.LFB5
 533 00dd A8000000 		.4byte	.LFE5
 534 00e1 2B000000 		.4byte	.LLST2
 535 00e5 0D       		.uleb128 0xd
 536 00e6 61726700 		.ascii	"arg\000"
 537 00ea 01       		.byte	0x1
 538 00eb 53       		.byte	0x53
 539 00ec 6C000000 		.4byte	0x6c
 540 00f0 56000000 		.4byte	.LLST3
 541 00f4 0A       		.uleb128 0xa
 542 00f5 B7000000 		.4byte	.LASF9
 543 00f9 01       		.byte	0x1
 544 00fa 55       		.byte	0x55
 545 00fb 25000000 		.4byte	0x25
 546 00ff 02       		.byte	0x2
 547 0100 91       		.byte	0x91
 548 0101 73       		.sleb128 -13
 549 0102 00       		.byte	0x0
 550 0103 0C       		.uleb128 0xc
 551 0104 44010000 		.4byte	0x144
 552 0108 5C000000 		.4byte	.LASF12
 553 010c 01       		.byte	0x1
 554 010d 32       		.byte	0x32
 555 010e 01       		.byte	0x1
 556 010f A8000000 		.4byte	.LFB3
 557 0113 04010000 		.4byte	.LFE3
 558 0117 69000000 		.4byte	.LLST4
 559 011b 0D       		.uleb128 0xd
 560 011c 61726700 		.ascii	"arg\000"
 561 0120 01       		.byte	0x1
 562 0121 31       		.byte	0x31
 563 0122 6C000000 		.4byte	0x6c
 564 0126 94000000 		.4byte	.LLST5
 565 012a 0E       		.uleb128 0xe
 566 012b 1A000000 		.4byte	.LASF13
 567 012f 01       		.byte	0x1
 568 0130 33       		.byte	0x33
 569 0131 25000000 		.4byte	0x25
 570 0135 0A       		.uleb128 0xa
 571 0136 B7000000 		.4byte	.LASF9
ARM GAS  /cygdrive/c/Users/embedded/AppData/Local/Temp/cc57wVvn.s 			page 13


 572 013a 01       		.byte	0x1
 573 013b 34       		.byte	0x34
 574 013c 25000000 		.4byte	0x25
 575 0140 02       		.byte	0x2
 576 0141 91       		.byte	0x91
 577 0142 73       		.sleb128 -13
 578 0143 00       		.byte	0x0
 579 0144 0C       		.uleb128 0xc
 580 0145 6C010000 		.4byte	0x16c
 581 0149 62000000 		.4byte	.LASF14
 582 014d 01       		.byte	0x1
 583 014e 4E       		.byte	0x4e
 584 014f 01       		.byte	0x1
 585 0150 04010000 		.4byte	.LFB4
 586 0154 12010000 		.4byte	.LFE4
 587 0158 A7000000 		.4byte	.LLST6
 588 015c 0D       		.uleb128 0xd
 589 015d 61726700 		.ascii	"arg\000"
 590 0161 01       		.byte	0x1
 591 0162 4D       		.byte	0x4d
 592 0163 6C000000 		.4byte	0x6c
 593 0167 C6000000 		.4byte	.LLST7
 594 016b 00       		.byte	0x0
 595 016c 0F       		.uleb128 0xf
 596 016d 7D010000 		.4byte	0x17d
 597 0171 25000000 		.4byte	0x25
 598 0175 10       		.uleb128 0x10
 599 0176 65000000 		.4byte	0x65
 600 017a FF07     		.2byte	0x7ff
 601 017c 00       		.byte	0x0
 602 017d 0A       		.uleb128 0xa
 603 017e F8000000 		.4byte	.LASF15
 604 0182 01       		.byte	0x1
 605 0183 0E       		.byte	0xe
 606 0184 6C010000 		.4byte	0x16c
 607 0188 05       		.byte	0x5
 608 0189 03       		.byte	0x3
 609 018a 00000000 		.4byte	proc1Stack
 610 018e 0A       		.uleb128 0xa
 611 018f 00000000 		.4byte	.LASF16
 612 0193 01       		.byte	0x1
 613 0194 0F       		.byte	0xf
 614 0195 6C010000 		.4byte	0x16c
 615 0199 05       		.byte	0x5
 616 019a 03       		.byte	0x3
 617 019b 00080000 		.4byte	proc2Stack
 618 019f 0F       		.uleb128 0xf
 619 01a0 B0010000 		.4byte	0x1b0
 620 01a4 25000000 		.4byte	0x25
 621 01a8 10       		.uleb128 0x10
 622 01a9 65000000 		.4byte	0x65
 623 01ad 8F01     		.2byte	0x18f
 624 01af 00       		.byte	0x0
 625 01b0 0A       		.uleb128 0xa
 626 01b1 0B000000 		.4byte	.LASF17
 627 01b5 01       		.byte	0x1
 628 01b6 11       		.byte	0x11
ARM GAS  /cygdrive/c/Users/embedded/AppData/Local/Temp/cc57wVvn.s 			page 14


 629 01b7 9F010000 		.4byte	0x19f
 630 01bb 05       		.byte	0x5
 631 01bc 03       		.byte	0x3
 632 01bd 00100000 		.4byte	initStack
 633 01c1 0A       		.uleb128 0xa
 634 01c2 15000000 		.4byte	.LASF18
 635 01c6 01       		.byte	0x1
 636 01c7 12       		.byte	0x12
 637 01c8 25000000 		.4byte	0x25
 638 01cc 05       		.byte	0x5
 639 01cd 03       		.byte	0x3
 640 01ce 90110000 		.4byte	pid1
 641 01d2 0A       		.uleb128 0xa
 642 01d3 A8000000 		.4byte	.LASF19
 643 01d7 01       		.byte	0x1
 644 01d8 13       		.byte	0x13
 645 01d9 25000000 		.4byte	0x25
 646 01dd 05       		.byte	0x5
 647 01de 03       		.byte	0x3
 648 01df 91110000 		.4byte	pid2
 649 01e3 00       		.byte	0x0
 650              		.section	.debug_abbrev
 651 0000 01       		.uleb128 0x1
 652 0001 11       		.uleb128 0x11
 653 0002 01       		.byte	0x1
 654 0003 10       		.uleb128 0x10
 655 0004 06       		.uleb128 0x6
 656 0005 12       		.uleb128 0x12
 657 0006 01       		.uleb128 0x1
 658 0007 11       		.uleb128 0x11
 659 0008 01       		.uleb128 0x1
 660 0009 25       		.uleb128 0x25
 661 000a 0E       		.uleb128 0xe
 662 000b 13       		.uleb128 0x13
 663 000c 0B       		.uleb128 0xb
 664 000d 03       		.uleb128 0x3
 665 000e 0E       		.uleb128 0xe
 666 000f 1B       		.uleb128 0x1b
 667 0010 0E       		.uleb128 0xe
 668 0011 00       		.byte	0x0
 669 0012 00       		.byte	0x0
 670 0013 02       		.uleb128 0x2
 671 0014 16       		.uleb128 0x16
 672 0015 00       		.byte	0x0
 673 0016 03       		.uleb128 0x3
 674 0017 08       		.uleb128 0x8
 675 0018 3A       		.uleb128 0x3a
 676 0019 0B       		.uleb128 0xb
 677 001a 3B       		.uleb128 0x3b
 678 001b 0B       		.uleb128 0xb
 679 001c 49       		.uleb128 0x49
 680 001d 13       		.uleb128 0x13
 681 001e 00       		.byte	0x0
 682 001f 00       		.byte	0x0
 683 0020 03       		.uleb128 0x3
 684 0021 24       		.uleb128 0x24
 685 0022 00       		.byte	0x0
ARM GAS  /cygdrive/c/Users/embedded/AppData/Local/Temp/cc57wVvn.s 			page 15


 686 0023 03       		.uleb128 0x3
 687 0024 0E       		.uleb128 0xe
 688 0025 0B       		.uleb128 0xb
 689 0026 0B       		.uleb128 0xb
 690 0027 3E       		.uleb128 0x3e
 691 0028 0B       		.uleb128 0xb
 692 0029 00       		.byte	0x0
 693 002a 00       		.byte	0x0
 694 002b 04       		.uleb128 0x4
 695 002c 16       		.uleb128 0x16
 696 002d 00       		.byte	0x0
 697 002e 03       		.uleb128 0x3
 698 002f 0E       		.uleb128 0xe
 699 0030 3A       		.uleb128 0x3a
 700 0031 0B       		.uleb128 0xb
 701 0032 3B       		.uleb128 0x3b
 702 0033 0B       		.uleb128 0xb
 703 0034 49       		.uleb128 0x49
 704 0035 13       		.uleb128 0x13
 705 0036 00       		.byte	0x0
 706 0037 00       		.byte	0x0
 707 0038 05       		.uleb128 0x5
 708 0039 24       		.uleb128 0x24
 709 003a 00       		.byte	0x0
 710 003b 03       		.uleb128 0x3
 711 003c 08       		.uleb128 0x8
 712 003d 0B       		.uleb128 0xb
 713 003e 0B       		.uleb128 0xb
 714 003f 3E       		.uleb128 0x3e
 715 0040 0B       		.uleb128 0xb
 716 0041 00       		.byte	0x0
 717 0042 00       		.byte	0x0
 718 0043 06       		.uleb128 0x6
 719 0044 0F       		.uleb128 0xf
 720 0045 00       		.byte	0x0
 721 0046 0B       		.uleb128 0xb
 722 0047 0B       		.uleb128 0xb
 723 0048 00       		.byte	0x0
 724 0049 00       		.byte	0x0
 725 004a 07       		.uleb128 0x7
 726 004b 2E       		.uleb128 0x2e
 727 004c 01       		.byte	0x1
 728 004d 01       		.uleb128 0x1
 729 004e 13       		.uleb128 0x13
 730 004f 3F       		.uleb128 0x3f
 731 0050 0C       		.uleb128 0xc
 732 0051 03       		.uleb128 0x3
 733 0052 0E       		.uleb128 0xe
 734 0053 3A       		.uleb128 0x3a
 735 0054 0B       		.uleb128 0xb
 736 0055 3B       		.uleb128 0x3b
 737 0056 0B       		.uleb128 0xb
 738 0057 27       		.uleb128 0x27
 739 0058 0C       		.uleb128 0xc
 740 0059 11       		.uleb128 0x11
 741 005a 01       		.uleb128 0x1
 742 005b 12       		.uleb128 0x12
ARM GAS  /cygdrive/c/Users/embedded/AppData/Local/Temp/cc57wVvn.s 			page 16


 743 005c 01       		.uleb128 0x1
 744 005d 40       		.uleb128 0x40
 745 005e 0A       		.uleb128 0xa
 746 005f 00       		.byte	0x0
 747 0060 00       		.byte	0x0
 748 0061 08       		.uleb128 0x8
 749 0062 05       		.uleb128 0x5
 750 0063 00       		.byte	0x0
 751 0064 03       		.uleb128 0x3
 752 0065 0E       		.uleb128 0xe
 753 0066 3A       		.uleb128 0x3a
 754 0067 0B       		.uleb128 0xb
 755 0068 3B       		.uleb128 0x3b
 756 0069 0B       		.uleb128 0xb
 757 006a 49       		.uleb128 0x49
 758 006b 13       		.uleb128 0x13
 759 006c 02       		.uleb128 0x2
 760 006d 0A       		.uleb128 0xa
 761 006e 00       		.byte	0x0
 762 006f 00       		.byte	0x0
 763 0070 09       		.uleb128 0x9
 764 0071 2E       		.uleb128 0x2e
 765 0072 01       		.byte	0x1
 766 0073 01       		.uleb128 0x1
 767 0074 13       		.uleb128 0x13
 768 0075 3F       		.uleb128 0x3f
 769 0076 0C       		.uleb128 0xc
 770 0077 03       		.uleb128 0x3
 771 0078 0E       		.uleb128 0xe
 772 0079 3A       		.uleb128 0x3a
 773 007a 0B       		.uleb128 0xb
 774 007b 3B       		.uleb128 0x3b
 775 007c 0B       		.uleb128 0xb
 776 007d 27       		.uleb128 0x27
 777 007e 0C       		.uleb128 0xc
 778 007f 49       		.uleb128 0x49
 779 0080 13       		.uleb128 0x13
 780 0081 11       		.uleb128 0x11
 781 0082 01       		.uleb128 0x1
 782 0083 12       		.uleb128 0x12
 783 0084 01       		.uleb128 0x1
 784 0085 40       		.uleb128 0x40
 785 0086 06       		.uleb128 0x6
 786 0087 00       		.byte	0x0
 787 0088 00       		.byte	0x0
 788 0089 0A       		.uleb128 0xa
 789 008a 34       		.uleb128 0x34
 790 008b 00       		.byte	0x0
 791 008c 03       		.uleb128 0x3
 792 008d 0E       		.uleb128 0xe
 793 008e 3A       		.uleb128 0x3a
 794 008f 0B       		.uleb128 0xb
 795 0090 3B       		.uleb128 0x3b
 796 0091 0B       		.uleb128 0xb
 797 0092 49       		.uleb128 0x49
 798 0093 13       		.uleb128 0x13
 799 0094 02       		.uleb128 0x2
ARM GAS  /cygdrive/c/Users/embedded/AppData/Local/Temp/cc57wVvn.s 			page 17


 800 0095 0A       		.uleb128 0xa
 801 0096 00       		.byte	0x0
 802 0097 00       		.byte	0x0
 803 0098 0B       		.uleb128 0xb
 804 0099 34       		.uleb128 0x34
 805 009a 00       		.byte	0x0
 806 009b 03       		.uleb128 0x3
 807 009c 08       		.uleb128 0x8
 808 009d 3A       		.uleb128 0x3a
 809 009e 0B       		.uleb128 0xb
 810 009f 3B       		.uleb128 0x3b
 811 00a0 0B       		.uleb128 0xb
 812 00a1 49       		.uleb128 0x49
 813 00a2 13       		.uleb128 0x13
 814 00a3 02       		.uleb128 0x2
 815 00a4 0A       		.uleb128 0xa
 816 00a5 00       		.byte	0x0
 817 00a6 00       		.byte	0x0
 818 00a7 0C       		.uleb128 0xc
 819 00a8 2E       		.uleb128 0x2e
 820 00a9 01       		.byte	0x1
 821 00aa 01       		.uleb128 0x1
 822 00ab 13       		.uleb128 0x13
 823 00ac 03       		.uleb128 0x3
 824 00ad 0E       		.uleb128 0xe
 825 00ae 3A       		.uleb128 0x3a
 826 00af 0B       		.uleb128 0xb
 827 00b0 3B       		.uleb128 0x3b
 828 00b1 0B       		.uleb128 0xb
 829 00b2 27       		.uleb128 0x27
 830 00b3 0C       		.uleb128 0xc
 831 00b4 11       		.uleb128 0x11
 832 00b5 01       		.uleb128 0x1
 833 00b6 12       		.uleb128 0x12
 834 00b7 01       		.uleb128 0x1
 835 00b8 40       		.uleb128 0x40
 836 00b9 06       		.uleb128 0x6
 837 00ba 00       		.byte	0x0
 838 00bb 00       		.byte	0x0
 839 00bc 0D       		.uleb128 0xd
 840 00bd 05       		.uleb128 0x5
 841 00be 00       		.byte	0x0
 842 00bf 03       		.uleb128 0x3
 843 00c0 08       		.uleb128 0x8
 844 00c1 3A       		.uleb128 0x3a
 845 00c2 0B       		.uleb128 0xb
 846 00c3 3B       		.uleb128 0x3b
 847 00c4 0B       		.uleb128 0xb
 848 00c5 49       		.uleb128 0x49
 849 00c6 13       		.uleb128 0x13
 850 00c7 02       		.uleb128 0x2
 851 00c8 06       		.uleb128 0x6
 852 00c9 00       		.byte	0x0
 853 00ca 00       		.byte	0x0
 854 00cb 0E       		.uleb128 0xe
 855 00cc 34       		.uleb128 0x34
 856 00cd 00       		.byte	0x0
ARM GAS  /cygdrive/c/Users/embedded/AppData/Local/Temp/cc57wVvn.s 			page 18


 857 00ce 03       		.uleb128 0x3
 858 00cf 0E       		.uleb128 0xe
 859 00d0 3A       		.uleb128 0x3a
 860 00d1 0B       		.uleb128 0xb
 861 00d2 3B       		.uleb128 0x3b
 862 00d3 0B       		.uleb128 0xb
 863 00d4 49       		.uleb128 0x49
 864 00d5 13       		.uleb128 0x13
 865 00d6 00       		.byte	0x0
 866 00d7 00       		.byte	0x0
 867 00d8 0F       		.uleb128 0xf
 868 00d9 01       		.uleb128 0x1
 869 00da 01       		.byte	0x1
 870 00db 01       		.uleb128 0x1
 871 00dc 13       		.uleb128 0x13
 872 00dd 49       		.uleb128 0x49
 873 00de 13       		.uleb128 0x13
 874 00df 00       		.byte	0x0
 875 00e0 00       		.byte	0x0
 876 00e1 10       		.uleb128 0x10
 877 00e2 21       		.uleb128 0x21
 878 00e3 00       		.byte	0x0
 879 00e4 49       		.uleb128 0x49
 880 00e5 13       		.uleb128 0x13
 881 00e6 2F       		.uleb128 0x2f
 882 00e7 05       		.uleb128 0x5
 883 00e8 00       		.byte	0x0
 884 00e9 00       		.byte	0x0
 885 00ea 00       		.byte	0x0
 886              		.section	.debug_pubnames,"",%progbits
 887 0000 23000000 		.4byte	0x23
 888 0004 0200     		.2byte	0x2
 889 0006 00000000 		.4byte	.Ldebug_info0
 890 000a E4010000 		.4byte	0x1e4
 891 000e 6E000000 		.4byte	0x6e
 892 0012 61707054 		.ascii	"appTick\000"
 892      69636B00 
 893 001a 93000000 		.4byte	0x93
 894 001e 6D61696E 		.ascii	"main\000"
 894      00
 895 0023 00000000 		.4byte	0x0
 896              		.section	.debug_aranges,"",%progbits
 897 0000 1C000000 		.4byte	0x1c
 898 0004 0200     		.2byte	0x2
 899 0006 00000000 		.4byte	.Ldebug_info0
 900 000a 04       		.byte	0x4
 901 000b 00       		.byte	0x0
 902 000c 0000     		.2byte	0x0
 903 000e 0000     		.2byte	0x0
 904 0010 00000000 		.4byte	.Ltext0
 905 0014 12010000 		.4byte	.Letext0-.Ltext0
 906 0018 00000000 		.4byte	0x0
 907 001c 00000000 		.4byte	0x0
 908              		.section	.debug_str,"MS",%progbits,1
 909              	.LASF16:
 910 0000 70726F63 		.ascii	"proc2Stack\000"
 910      32537461 
ARM GAS  /cygdrive/c/Users/embedded/AppData/Local/Temp/cc57wVvn.s 			page 19


 910      636B00
 911              	.LASF17:
 912 000b 696E6974 		.ascii	"initStack\000"
 912      53746163 
 912      6B00
 913              	.LASF18:
 914 0015 70696431 		.ascii	"pid1\000"
 914      00
 915              	.LASF13:
 916 001a 63656E74 		.ascii	"centerReleased\000"
 916      65725265 
 916      6C656173 
 916      656400
 917              	.LASF0:
 918 0029 756E7369 		.ascii	"unsigned char\000"
 918      676E6564 
 918      20636861 
 918      7200
 919              	.LASF6:
 920 0037 6C6F6E67 		.ascii	"long unsigned int\000"
 920      20756E73 
 920      69676E65 
 920      6420696E 
 920      7400
 921              	.LASF1:
 922 0049 73686F72 		.ascii	"short unsigned int\000"
 922      7420756E 
 922      7369676E 
 922      65642069 
 922      6E7400
 923              	.LASF12:
 924 005c 70726F63 		.ascii	"proc1\000"
 924      3100
 925              	.LASF14:
 926 0062 70726F63 		.ascii	"proc2\000"
 926      3200
 927              	.LASF8:
 928 0068 6D61696E 		.ascii	"main\000"
 928      00
 929              	.LASF3:
 930 006d 756E7369 		.ascii	"unsigned int\000"
 930      676E6564 
 930      20696E74 
 930      00
 931              	.LASF10:
 932 007a 656C6170 		.ascii	"elapsedTime\000"
 932      73656454 
 932      696D6500 
 933              	.LASF11:
 934 0086 696E6974 		.ascii	"initProc\000"
 934      50726F63 
 934      00
 935              	.LASF20:
 936 008f 474E5520 		.ascii	"GNU C 4.1.1\000"
 936      4320342E 
 936      312E3100 
 937              	.LASF2:
ARM GAS  /cygdrive/c/Users/embedded/AppData/Local/Temp/cc57wVvn.s 			page 20


 938 009b 74553332 		.ascii	"tU32\000"
 938      00
 939              	.LASF7:
 940 00a0 61707054 		.ascii	"appTick\000"
 940      69636B00 
 941              	.LASF19:
 942 00a8 70696432 		.ascii	"pid2\000"
 942      00
 943              	.LASF5:
 944 00ad 73686F72 		.ascii	"short int\000"
 944      7420696E 
 944      7400
 945              	.LASF9:
 946 00b7 6572726F 		.ascii	"error\000"
 946      7200
 947              	.LASF22:
 948 00bd 2F637967 		.ascii	"/cygdrive/c/Users/embedded/Desktop/2148\000"
 948      64726976 
 948      652F632F 
 948      55736572 
 948      732F656D 
 949              	.LASF4:
 950 00e5 7369676E 		.ascii	"signed char\000"
 950      65642063 
 950      68617200 
 951              	.LASF21:
 952 00f1 6D61696E 		.ascii	"main.c\000"
 952      2E6300
 953              	.LASF15:
 954 00f8 70726F63 		.ascii	"proc1Stack\000"
 954      31537461 
 954      636B00
 955              		.ident	"GCC: (GNU) 4.1.1"
ARM GAS  /cygdrive/c/Users/embedded/AppData/Local/Temp/cc57wVvn.s 			page 21


DEFINED SYMBOLS
                            *ABS*:00000000 main.c
/cygdrive/c/Users/embedded/AppData/Local/Temp/cc57wVvn.s:1      .text:00000000 $t
/cygdrive/c/Users/embedded/AppData/Local/Temp/cc57wVvn.s:16     .text:00000000 appTick
/cygdrive/c/Users/embedded/AppData/Local/Temp/cc57wVvn.s:32     .text:00000004 main
/cygdrive/c/Users/embedded/AppData/Local/Temp/cc57wVvn.s:85     .text:00000050 $d
/cygdrive/c/Users/embedded/AppData/Local/Temp/cc57wVvn.s:95     .text:00000060 initProc
/cygdrive/c/Users/embedded/AppData/Local/Temp/cc57wVvn.s:228    .bss:00001000 initStack
/cygdrive/c/Users/embedded/AppData/Local/Temp/cc57wVvn.s:92     .text:00000060 $t
/cygdrive/c/Users/embedded/AppData/Local/Temp/cc57wVvn.s:136    .text:0000009c $d
/cygdrive/c/Users/embedded/AppData/Local/Temp/cc57wVvn.s:230    .bss:00001190 pid1
/cygdrive/c/Users/embedded/AppData/Local/Temp/cc57wVvn.s:145    .text:000000a8 proc1
/cygdrive/c/Users/embedded/AppData/Local/Temp/cc57wVvn.s:224    .bss:00000000 proc1Stack
/cygdrive/c/Users/embedded/AppData/Local/Temp/cc57wVvn.s:142    .text:000000a8 $t
/cygdrive/c/Users/embedded/AppData/Local/Temp/cc57wVvn.s:195    .text:000000f0 $d
/cygdrive/c/Users/embedded/AppData/Local/Temp/cc57wVvn.s:232    .bss:00001191 pid2
/cygdrive/c/Users/embedded/AppData/Local/Temp/cc57wVvn.s:206    .text:00000104 proc2
/cygdrive/c/Users/embedded/AppData/Local/Temp/cc57wVvn.s:226    .bss:00000800 proc2Stack
/cygdrive/c/Users/embedded/AppData/Local/Temp/cc57wVvn.s:203    .text:00000104 $t
                             .bss:00000000 $d

UNDEFINED SYMBOLS
osInit
osCreateProcess
osStartProcess
osStart
eaInit
osDeleteProcess
osSleep
startTimer1
startMenu
