ARM GAS  /cygdrive/c/Users/embedded/AppData/Local/Temp/ccTKlHhb.s 			page 1


   1              		.file	"irq_timer1.c"
   2              		.section	.debug_abbrev,"",%progbits
   3              	.Ldebug_abbrev0:
   4              		.section	.debug_info,"",%progbits
   5              	.Ldebug_info0:
   6              		.section	.debug_line,"",%progbits
   7              	.Ldebug_line0:
   8 0000 7C000000 		.text
   8      02004600 
   8      00000201 
   8      FB0E0D00 
   8      01010101 
   9              	.Ltext0:
  10              		.align	2
  11              		.global	send_SPI
  12              		.type	send_SPI, %function
  13              	send_SPI:
  14              	.LFB2:
  15              		.file 1 "irq_timer1.c"
   1:irq_timer1.c  **** #include "../pre_emptive_os/api/general.h"
   2:irq_timer1.c  **** #include <lpc2xxx.h>
   3:irq_timer1.c  **** 
   4:irq_timer1.c  **** #define  SPI_CS   0x00008000  //<= new board, old board = 0x00800000
   5:irq_timer1.c  **** 
   6:irq_timer1.c  **** extern tU8 pattern[8];
   7:irq_timer1.c  **** 
   8:irq_timer1.c  **** tU32 volatile czasTimer = 0;
   9:irq_timer1.c  **** 
  10:irq_timer1.c  **** void send_SPI(unsigned char indata)
  11:irq_timer1.c  **** {
  16              		.loc 1 11 0
  17              		@ Function supports interworking.
  18              		@ args = 0, pretend = 0, frame = 0
  19              		@ frame_needed = 0, uses_anonymous_args = 0
  20              		@ link register save eliminated.
  21              	.LVL0:
  12:irq_timer1.c  **** 	tU32 failsafe;
  13:irq_timer1.c  **** 	
  14:irq_timer1.c  ****   IOCLR0 = SPI_CS;  //Aktywacja SPI
  22              		.loc 1 14 0
  23 0000 7C309FE5 		ldr	r3, .L11
  24 0004 0229A0E3 		mov	r2, #32768
  25 0008 0C2083E5 		str	r2, [r3, #12]
  26              		.loc 1 11 0
  27 000c FF0000E2 		and	r0, r0, #255
  15:irq_timer1.c  ****   
  16:irq_timer1.c  ****   SPI_SPDR = indata;
  28              		.loc 1 16 0
  29 0010 023943E2 		sub	r3, r3, #32768
  30 0014 0010A0E3 		mov	r1, #0
  31              	.LVL1:
  32              		.loc 1 11 0
  33              		@ lr needed for prologue
  34              		.loc 1 16 0
  35 0018 080083E5 		str	r0, [r3, #8]
  36 001c 000000EA 		b	.L2
  37              	.L3:
ARM GAS  /cygdrive/c/Users/embedded/AppData/Local/Temp/ccTKlHhb.s 			page 2


  17:irq_timer1.c  ****   failsafe = 0;
  18:irq_timer1.c  ****   while(((SPI_SPSR & 0x80) == 0) && (failsafe < 5000))
  19:irq_timer1.c  ****     failsafe++;
  38              		.loc 1 19 0
  39 0020 011081E2 		add	r1, r1, #1
  40              	.L2:
  41              		.loc 1 18 0
  42 0024 5C309FE5 		ldr	r3, .L11+4
  43 0028 043093E5 		ldr	r3, [r3, #4]
  44 002c 800013E3 		tst	r3, #128
  45 0030 0300001A 		bne	.L4
  46 0034 50309FE5 		ldr	r3, .L11+8
  47 0038 030051E1 		cmp	r1, r3
  48 003c F7FFFF1A 		bne	.L3
  49 0040 0B0000EA 		b	.L10
  50              	.L4:
  20:irq_timer1.c  ****   IOSET0 = SPI_CS;  //Dezaktywacja SPI
  21:irq_timer1.c  ****   
  22:irq_timer1.c  ****   if (failsafe >= 5000)
  51              		.loc 1 22 0
  52 0044 44309FE5 		ldr	r3, .L11+12
  53 0048 030051E1 		cmp	r1, r3
  54              		.loc 1 20 0
  55 004c 30309FE5 		ldr	r3, .L11
  56 0050 0229A0E3 		mov	r2, #32768
  57 0054 042083E5 		str	r2, [r3, #4]
  58              		.loc 1 22 0
  59 0058 1EFF2F91 		bxls	lr
  60              	.L8:
  23:irq_timer1.c  ****   {
  24:irq_timer1.c  ****     SPI_SPCCR = 0x08;    
  61              		.loc 1 24 0
  62 005c 24309FE5 		ldr	r3, .L11+4
  63 0060 0820A0E3 		mov	r2, #8
  64 0064 0C2083E5 		str	r2, [r3, #12]
  25:irq_timer1.c  ****     SPI_SPCR  = 0x60;
  65              		.loc 1 25 0
  66 0068 582082E2 		add	r2, r2, #88
  67 006c 002083E5 		str	r2, [r3, #0]
  68 0070 1EFF2FE1 		bx	lr
  69              	.L10:
  70              		.loc 1 20 0
  71 0074 08309FE5 		ldr	r3, .L11
  72 0078 0229A0E3 		mov	r2, #32768
  73 007c 042083E5 		str	r2, [r3, #4]
  74 0080 F5FFFFEA 		b	.L8
  75              	.L12:
  76              		.align	2
  77              	.L11:
  78 0084 008002E0 		.word	-536707072
  79 0088 000002E0 		.word	-536739840
  80 008c 88130000 		.word	5000
  81 0090 87130000 		.word	4999
  82              	.LFE2:
  83              		.size	send_SPI, .-send_SPI
  84              		.align	2
  85              		.global	ledMatrix
ARM GAS  /cygdrive/c/Users/embedded/AppData/Local/Temp/ccTKlHhb.s 			page 3


  86              		.type	ledMatrix, %function
  87              	ledMatrix:
  88              	.LFB3:
  26:irq_timer1.c  ****   }
  27:irq_timer1.c  **** }
  28:irq_timer1.c  **** 
  29:irq_timer1.c  **** void ledMatrix(void)
  30:irq_timer1.c  **** {
  89              		.loc 1 30 0
  90              		@ Function supports interworking.
  91              		@ args = 0, pretend = 0, frame = 0
  92              		@ frame_needed = 0, uses_anonymous_args = 0
  93 0094 30402DE9 		stmfd	sp!, {r4, r5, lr}
  94              	.LCFI0:
  31:irq_timer1.c  **** 	czasTimer += 1;
  95              		.loc 1 31 0
  96 0098 84109FE5 		ldr	r1, .L17
  32:irq_timer1.c  **** 	static tU32 columnCounter = 0x01;
  33:irq_timer1.c  ****  	static tU8 index = 0;
  34:irq_timer1.c  **** 
  35:irq_timer1.c  ****   if (columnCounter > 0x80)
  97              		.loc 1 35 0
  98 009c 84509FE5 		ldr	r5, .L17+4
  99              		.loc 1 31 0
 100 00a0 003091E5 		ldr	r3, [r1, #0]
 101              		.loc 1 35 0
 102 00a4 002095E5 		ldr	r2, [r5, #0]
  36:irq_timer1.c  ****   {
  37:irq_timer1.c  ****     columnCounter = 0x01;
  38:irq_timer1.c  ****     index = 0;
  39:irq_timer1.c  ****   }
  40:irq_timer1.c  ****   send_SPI(~pattern[index++]);
 103              		.loc 1 40 0
 104 00a8 7CC09FE5 		ldr	ip, .L17+8
 105              		.loc 1 35 0
 106 00ac 800052E3 		cmp	r2, #128
 107              		.loc 1 31 0
 108 00b0 013083E2 		add	r3, r3, #1
 109 00b4 003081E5 		str	r3, [r1, #0]
 110              		.loc 1 38 0
 111 00b8 0C20A081 		movhi	r2, ip
 112 00bc 0030A083 		movhi	r3, #0
 113 00c0 0030C285 		strhib	r3, [r2, #0]
 114              		.loc 1 37 0
 115 00c4 01308382 		addhi	r3, r3, #1
 116              		.loc 1 40 0
 117 00c8 0020DCE5 		ldrb	r2, [ip, #0]	@ zero_extendqisi2
 118              		.loc 1 37 0
 119 00cc 00308585 		strhi	r3, [r5, #0]
 120              		.loc 1 40 0
 121 00d0 58309FE5 		ldr	r3, .L17+12
 122 00d4 0200D3E7 		ldrb	r0, [r3, r2]	@ zero_extendqisi2
 123 00d8 0000E0E1 		mvn	r0, r0
 124 00dc 012082E2 		add	r2, r2, #1
 125 00e0 FF0000E2 		and	r0, r0, #255
 126 00e4 0020CCE5 		strb	r2, [ip, #0]
 127 00e8 FEFFFFEB 		bl	send_SPI
ARM GAS  /cygdrive/c/Users/embedded/AppData/Local/Temp/ccTKlHhb.s 			page 4


  41:irq_timer1.c  ****   send_SPI(~columnCounter);
 128              		.loc 1 41 0
 129 00ec 004095E5 		ldr	r4, [r5, #0]
 130 00f0 0400E0E1 		mvn	r0, r4
 131 00f4 FF0000E2 		and	r0, r0, #255
 132 00f8 FEFFFFEB 		bl	send_SPI
  42:irq_timer1.c  ****   columnCounter <<= 1;
  43:irq_timer1.c  **** 
  44:irq_timer1.c  ****   T1IR        = 0xff;        //reset all IRQ flags
 133              		.loc 1 44 0
 134 00fc 30309FE5 		ldr	r3, .L17+16
 135 0100 FF20A0E3 		mov	r2, #255
 136 0104 002083E5 		str	r2, [r3, #0]
 137              		.loc 1 42 0
 138 0108 8440A0E1 		mov	r4, r4, asl #1
  45:irq_timer1.c  ****   VICVectAddr = 0x00;        //dummy write to VIC to signal end of interrupt
 139              		.loc 1 45 0
 140 010c 0020A0E3 		mov	r2, #0
 141 0110 0030E0E3 		mvn	r3, #0
 142              		.loc 1 42 0
 143 0114 004085E5 		str	r4, [r5, #0]
 144              		.loc 1 45 0
 145 0118 CF2F03E5 		str	r2, [r3, #-4047]
  46:irq_timer1.c  **** }
 146              		.loc 1 46 0
 147 011c 3040BDE8 		ldmfd	sp!, {r4, r5, lr}
 148 0120 1EFF2FE1 		bx	lr
 149              	.L18:
 150              		.align	2
 151              	.L17:
 152 0124 00000000 		.word	czasTimer
 153 0128 00000000 		.word	columnCounter.1261
 154 012c 04000000 		.word	index.1262
 155 0130 00000000 		.word	pattern
 156 0134 008000E0 		.word	-536838144
 157              	.LFE3:
 158              		.size	ledMatrix, .-ledMatrix
 159              		.global	czasTimer
 160              		.bss
 161              		.align	2
 162              		.type	czasTimer, %object
 163              		.size	czasTimer, 4
 164              	czasTimer:
 165 0000 00000000 		.space	4
 166              	index.1262:
 167 0004 00       		.space	1
 168 0005 000000   		.data
 169              		.align	2
 170              		.type	columnCounter.1261, %object
 171              		.size	columnCounter.1261, 4
 172              	columnCounter.1261:
 173 0000 01000000 		.word	1
 174              		.section	.debug_frame,"",%progbits
 175              	.Lframe0:
 176 0000 0C000000 		.4byte	.LECIE0-.LSCIE0
 177              	.LSCIE0:
 178 0004 FFFFFFFF 		.4byte	0xffffffff
ARM GAS  /cygdrive/c/Users/embedded/AppData/Local/Temp/ccTKlHhb.s 			page 5


 179 0008 01       		.byte	0x1
 180 0009 00       		.ascii	"\000"
 181 000a 01       		.uleb128 0x1
 182 000b 7C       		.sleb128 -4
 183 000c 0E       		.byte	0xe
 184 000d 0C       		.byte	0xc
 185 000e 0D       		.uleb128 0xd
 186 000f 00       		.uleb128 0x0
 187              		.align	2
 188              	.LECIE0:
 189              	.LSFDE0:
 190 0010 0C000000 		.4byte	.LEFDE0-.LASFDE0
 191              	.LASFDE0:
 192 0014 00000000 		.4byte	.Lframe0
 193 0018 00000000 		.4byte	.LFB2
 194 001c 94000000 		.4byte	.LFE2-.LFB2
 195              		.align	2
 196              	.LEFDE0:
 197              	.LSFDE2:
 198 0020 18000000 		.4byte	.LEFDE2-.LASFDE2
 199              	.LASFDE2:
 200 0024 00000000 		.4byte	.Lframe0
 201 0028 94000000 		.4byte	.LFB3
 202 002c A4000000 		.4byte	.LFE3-.LFB3
 203 0030 44       		.byte	0x4
 204              		.4byte	.LCFI0-.LFB3
 205 0031 0E       		.byte	0xe
 206 0032 0C       		.uleb128 0xc
 207 0033 8E       		.byte	0x8e
 208 0034 01       		.uleb128 0x1
 209 0035 85       		.byte	0x85
 210 0036 02       		.uleb128 0x2
 211 0037 84       		.byte	0x84
 212 0038 03       		.uleb128 0x3
 213 0039 000000   		.align	2
 214              	.LEFDE2:
 215              		.file 2 "../pre_emptive_os/api/general.h"
 216              		.text
 217              	.Letext0:
 218              		.section	.debug_loc,"",%progbits
 219              	.Ldebug_loc0:
 220              	.LLST1:
 221 0000 94000000 		.4byte	.LFB3-.Ltext0
 222 0004 98000000 		.4byte	.LCFI0-.Ltext0
 223 0008 0100     		.2byte	0x1
 224 000a 5D       		.byte	0x5d
 225 000b 98000000 		.4byte	.LCFI0-.Ltext0
 226 000f 38010000 		.4byte	.LFE3-.Ltext0
 227 0013 0200     		.2byte	0x2
 228 0015 7D       		.byte	0x7d
 229 0016 0C       		.sleb128 12
 230 0017 00000000 		.4byte	0x0
 231 001b 00000000 		.4byte	0x0
 232              		.section	.debug_info
 233 0000 0B010000 		.4byte	0x10b
 234 0004 0200     		.2byte	0x2
 235 0006 00000000 		.4byte	.Ldebug_abbrev0
ARM GAS  /cygdrive/c/Users/embedded/AppData/Local/Temp/ccTKlHhb.s 			page 6


 236 000a 04       		.byte	0x4
 237 000b 01       		.uleb128 0x1
 238 000c 00000000 		.4byte	.Ldebug_line0
 239 0010 38010000 		.4byte	.Letext0
 240 0014 00000000 		.4byte	.Ltext0
 241 0018 8D000000 		.4byte	.LASF14
 242 001c 01       		.byte	0x1
 243 001d C9000000 		.4byte	.LASF15
 244 0021 5B000000 		.4byte	.LASF16
 245 0025 02       		.uleb128 0x2
 246 0026 74553800 		.ascii	"tU8\000"
 247 002a 02       		.byte	0x2
 248 002b 47       		.byte	0x47
 249 002c 30000000 		.4byte	0x30
 250 0030 03       		.uleb128 0x3
 251 0031 4D000000 		.4byte	.LASF0
 252 0035 01       		.byte	0x1
 253 0036 08       		.byte	0x8
 254 0037 03       		.uleb128 0x3
 255 0038 99000000 		.4byte	.LASF1
 256 003c 02       		.byte	0x2
 257 003d 07       		.byte	0x7
 258 003e 04       		.uleb128 0x4
 259 003f D6000000 		.4byte	.LASF2
 260 0043 02       		.byte	0x2
 261 0044 49       		.byte	0x49
 262 0045 49000000 		.4byte	0x49
 263 0049 03       		.uleb128 0x3
 264 004a 0A000000 		.4byte	.LASF3
 265 004e 04       		.byte	0x4
 266 004f 07       		.byte	0x7
 267 0050 03       		.uleb128 0x3
 268 0051 AC000000 		.4byte	.LASF4
 269 0055 01       		.byte	0x1
 270 0056 06       		.byte	0x6
 271 0057 03       		.uleb128 0x3
 272 0058 BF000000 		.4byte	.LASF5
 273 005c 02       		.byte	0x2
 274 005d 05       		.byte	0x5
 275 005e 05       		.uleb128 0x5
 276 005f 696E7400 		.ascii	"int\000"
 277 0063 04       		.byte	0x4
 278 0064 05       		.byte	0x5
 279 0065 06       		.uleb128 0x6
 280 0066 97000000 		.4byte	0x97
 281 006a 01       		.byte	0x1
 282 006b 44000000 		.4byte	.LASF6
 283 006f 01       		.byte	0x1
 284 0070 0B       		.byte	0xb
 285 0071 01       		.byte	0x1
 286 0072 00000000 		.4byte	.LFB2
 287 0076 94000000 		.4byte	.LFE2
 288 007a 01       		.byte	0x1
 289 007b 5D       		.byte	0x5d
 290 007c 07       		.uleb128 0x7
 291 007d B8000000 		.4byte	.LASF17
 292 0081 01       		.byte	0x1
ARM GAS  /cygdrive/c/Users/embedded/AppData/Local/Temp/ccTKlHhb.s 			page 7


 293 0082 0A       		.byte	0xa
 294 0083 30000000 		.4byte	0x30
 295 0087 01       		.byte	0x1
 296 0088 50       		.byte	0x50
 297 0089 08       		.uleb128 0x8
 298 008a 3B000000 		.4byte	.LASF8
 299 008e 01       		.byte	0x1
 300 008f 0C       		.byte	0xc
 301 0090 3E000000 		.4byte	0x3e
 302 0094 01       		.byte	0x1
 303 0095 51       		.byte	0x51
 304 0096 00       		.byte	0x0
 305 0097 09       		.uleb128 0x9
 306 0098 D3000000 		.4byte	0xd3
 307 009c 01       		.byte	0x1
 308 009d 1F000000 		.4byte	.LASF7
 309 00a1 01       		.byte	0x1
 310 00a2 1E       		.byte	0x1e
 311 00a3 01       		.byte	0x1
 312 00a4 94000000 		.4byte	.LFB3
 313 00a8 38010000 		.4byte	.LFE3
 314 00ac 00000000 		.4byte	.LLST1
 315 00b0 08       		.uleb128 0x8
 316 00b1 87000000 		.4byte	.LASF9
 317 00b5 01       		.byte	0x1
 318 00b6 21       		.byte	0x21
 319 00b7 25000000 		.4byte	0x25
 320 00bb 05       		.byte	0x5
 321 00bc 03       		.byte	0x3
 322 00bd 04000000 		.4byte	index.1262
 323 00c1 08       		.uleb128 0x8
 324 00c2 DB000000 		.4byte	.LASF10
 325 00c6 01       		.byte	0x1
 326 00c7 20       		.byte	0x20
 327 00c8 3E000000 		.4byte	0x3e
 328 00cc 05       		.byte	0x5
 329 00cd 03       		.byte	0x3
 330 00ce 00000000 		.4byte	columnCounter.1261
 331 00d2 00       		.byte	0x0
 332 00d3 0A       		.uleb128 0xa
 333 00d4 E3000000 		.4byte	0xe3
 334 00d8 25000000 		.4byte	0x25
 335 00dc 0B       		.uleb128 0xb
 336 00dd E3000000 		.4byte	0xe3
 337 00e1 07       		.byte	0x7
 338 00e2 00       		.byte	0x0
 339 00e3 03       		.uleb128 0x3
 340 00e4 29000000 		.4byte	.LASF11
 341 00e8 04       		.byte	0x4
 342 00e9 07       		.byte	0x7
 343 00ea 0C       		.uleb128 0xc
 344 00eb 17000000 		.4byte	.LASF12
 345 00ef 01       		.byte	0x1
 346 00f0 06       		.byte	0x6
 347 00f1 D3000000 		.4byte	0xd3
 348 00f5 01       		.byte	0x1
 349 00f6 01       		.byte	0x1
ARM GAS  /cygdrive/c/Users/embedded/AppData/Local/Temp/ccTKlHhb.s 			page 8


 350 00f7 0D       		.uleb128 0xd
 351 00f8 00000000 		.4byte	.LASF13
 352 00fc 01       		.byte	0x1
 353 00fd 08       		.byte	0x8
 354 00fe 09010000 		.4byte	0x109
 355 0102 01       		.byte	0x1
 356 0103 05       		.byte	0x5
 357 0104 03       		.byte	0x3
 358 0105 00000000 		.4byte	czasTimer
 359 0109 0E       		.uleb128 0xe
 360 010a 3E000000 		.4byte	0x3e
 361 010e 00       		.byte	0x0
 362              		.section	.debug_abbrev
 363 0000 01       		.uleb128 0x1
 364 0001 11       		.uleb128 0x11
 365 0002 01       		.byte	0x1
 366 0003 10       		.uleb128 0x10
 367 0004 06       		.uleb128 0x6
 368 0005 12       		.uleb128 0x12
 369 0006 01       		.uleb128 0x1
 370 0007 11       		.uleb128 0x11
 371 0008 01       		.uleb128 0x1
 372 0009 25       		.uleb128 0x25
 373 000a 0E       		.uleb128 0xe
 374 000b 13       		.uleb128 0x13
 375 000c 0B       		.uleb128 0xb
 376 000d 03       		.uleb128 0x3
 377 000e 0E       		.uleb128 0xe
 378 000f 1B       		.uleb128 0x1b
 379 0010 0E       		.uleb128 0xe
 380 0011 00       		.byte	0x0
 381 0012 00       		.byte	0x0
 382 0013 02       		.uleb128 0x2
 383 0014 16       		.uleb128 0x16
 384 0015 00       		.byte	0x0
 385 0016 03       		.uleb128 0x3
 386 0017 08       		.uleb128 0x8
 387 0018 3A       		.uleb128 0x3a
 388 0019 0B       		.uleb128 0xb
 389 001a 3B       		.uleb128 0x3b
 390 001b 0B       		.uleb128 0xb
 391 001c 49       		.uleb128 0x49
 392 001d 13       		.uleb128 0x13
 393 001e 00       		.byte	0x0
 394 001f 00       		.byte	0x0
 395 0020 03       		.uleb128 0x3
 396 0021 24       		.uleb128 0x24
 397 0022 00       		.byte	0x0
 398 0023 03       		.uleb128 0x3
 399 0024 0E       		.uleb128 0xe
 400 0025 0B       		.uleb128 0xb
 401 0026 0B       		.uleb128 0xb
 402 0027 3E       		.uleb128 0x3e
 403 0028 0B       		.uleb128 0xb
 404 0029 00       		.byte	0x0
 405 002a 00       		.byte	0x0
 406 002b 04       		.uleb128 0x4
ARM GAS  /cygdrive/c/Users/embedded/AppData/Local/Temp/ccTKlHhb.s 			page 9


 407 002c 16       		.uleb128 0x16
 408 002d 00       		.byte	0x0
 409 002e 03       		.uleb128 0x3
 410 002f 0E       		.uleb128 0xe
 411 0030 3A       		.uleb128 0x3a
 412 0031 0B       		.uleb128 0xb
 413 0032 3B       		.uleb128 0x3b
 414 0033 0B       		.uleb128 0xb
 415 0034 49       		.uleb128 0x49
 416 0035 13       		.uleb128 0x13
 417 0036 00       		.byte	0x0
 418 0037 00       		.byte	0x0
 419 0038 05       		.uleb128 0x5
 420 0039 24       		.uleb128 0x24
 421 003a 00       		.byte	0x0
 422 003b 03       		.uleb128 0x3
 423 003c 08       		.uleb128 0x8
 424 003d 0B       		.uleb128 0xb
 425 003e 0B       		.uleb128 0xb
 426 003f 3E       		.uleb128 0x3e
 427 0040 0B       		.uleb128 0xb
 428 0041 00       		.byte	0x0
 429 0042 00       		.byte	0x0
 430 0043 06       		.uleb128 0x6
 431 0044 2E       		.uleb128 0x2e
 432 0045 01       		.byte	0x1
 433 0046 01       		.uleb128 0x1
 434 0047 13       		.uleb128 0x13
 435 0048 3F       		.uleb128 0x3f
 436 0049 0C       		.uleb128 0xc
 437 004a 03       		.uleb128 0x3
 438 004b 0E       		.uleb128 0xe
 439 004c 3A       		.uleb128 0x3a
 440 004d 0B       		.uleb128 0xb
 441 004e 3B       		.uleb128 0x3b
 442 004f 0B       		.uleb128 0xb
 443 0050 27       		.uleb128 0x27
 444 0051 0C       		.uleb128 0xc
 445 0052 11       		.uleb128 0x11
 446 0053 01       		.uleb128 0x1
 447 0054 12       		.uleb128 0x12
 448 0055 01       		.uleb128 0x1
 449 0056 40       		.uleb128 0x40
 450 0057 0A       		.uleb128 0xa
 451 0058 00       		.byte	0x0
 452 0059 00       		.byte	0x0
 453 005a 07       		.uleb128 0x7
 454 005b 05       		.uleb128 0x5
 455 005c 00       		.byte	0x0
 456 005d 03       		.uleb128 0x3
 457 005e 0E       		.uleb128 0xe
 458 005f 3A       		.uleb128 0x3a
 459 0060 0B       		.uleb128 0xb
 460 0061 3B       		.uleb128 0x3b
 461 0062 0B       		.uleb128 0xb
 462 0063 49       		.uleb128 0x49
 463 0064 13       		.uleb128 0x13
ARM GAS  /cygdrive/c/Users/embedded/AppData/Local/Temp/ccTKlHhb.s 			page 10


 464 0065 02       		.uleb128 0x2
 465 0066 0A       		.uleb128 0xa
 466 0067 00       		.byte	0x0
 467 0068 00       		.byte	0x0
 468 0069 08       		.uleb128 0x8
 469 006a 34       		.uleb128 0x34
 470 006b 00       		.byte	0x0
 471 006c 03       		.uleb128 0x3
 472 006d 0E       		.uleb128 0xe
 473 006e 3A       		.uleb128 0x3a
 474 006f 0B       		.uleb128 0xb
 475 0070 3B       		.uleb128 0x3b
 476 0071 0B       		.uleb128 0xb
 477 0072 49       		.uleb128 0x49
 478 0073 13       		.uleb128 0x13
 479 0074 02       		.uleb128 0x2
 480 0075 0A       		.uleb128 0xa
 481 0076 00       		.byte	0x0
 482 0077 00       		.byte	0x0
 483 0078 09       		.uleb128 0x9
 484 0079 2E       		.uleb128 0x2e
 485 007a 01       		.byte	0x1
 486 007b 01       		.uleb128 0x1
 487 007c 13       		.uleb128 0x13
 488 007d 3F       		.uleb128 0x3f
 489 007e 0C       		.uleb128 0xc
 490 007f 03       		.uleb128 0x3
 491 0080 0E       		.uleb128 0xe
 492 0081 3A       		.uleb128 0x3a
 493 0082 0B       		.uleb128 0xb
 494 0083 3B       		.uleb128 0x3b
 495 0084 0B       		.uleb128 0xb
 496 0085 27       		.uleb128 0x27
 497 0086 0C       		.uleb128 0xc
 498 0087 11       		.uleb128 0x11
 499 0088 01       		.uleb128 0x1
 500 0089 12       		.uleb128 0x12
 501 008a 01       		.uleb128 0x1
 502 008b 40       		.uleb128 0x40
 503 008c 06       		.uleb128 0x6
 504 008d 00       		.byte	0x0
 505 008e 00       		.byte	0x0
 506 008f 0A       		.uleb128 0xa
 507 0090 01       		.uleb128 0x1
 508 0091 01       		.byte	0x1
 509 0092 01       		.uleb128 0x1
 510 0093 13       		.uleb128 0x13
 511 0094 49       		.uleb128 0x49
 512 0095 13       		.uleb128 0x13
 513 0096 00       		.byte	0x0
 514 0097 00       		.byte	0x0
 515 0098 0B       		.uleb128 0xb
 516 0099 21       		.uleb128 0x21
 517 009a 00       		.byte	0x0
 518 009b 49       		.uleb128 0x49
 519 009c 13       		.uleb128 0x13
 520 009d 2F       		.uleb128 0x2f
ARM GAS  /cygdrive/c/Users/embedded/AppData/Local/Temp/ccTKlHhb.s 			page 11


 521 009e 0B       		.uleb128 0xb
 522 009f 00       		.byte	0x0
 523 00a0 00       		.byte	0x0
 524 00a1 0C       		.uleb128 0xc
 525 00a2 34       		.uleb128 0x34
 526 00a3 00       		.byte	0x0
 527 00a4 03       		.uleb128 0x3
 528 00a5 0E       		.uleb128 0xe
 529 00a6 3A       		.uleb128 0x3a
 530 00a7 0B       		.uleb128 0xb
 531 00a8 3B       		.uleb128 0x3b
 532 00a9 0B       		.uleb128 0xb
 533 00aa 49       		.uleb128 0x49
 534 00ab 13       		.uleb128 0x13
 535 00ac 3F       		.uleb128 0x3f
 536 00ad 0C       		.uleb128 0xc
 537 00ae 3C       		.uleb128 0x3c
 538 00af 0C       		.uleb128 0xc
 539 00b0 00       		.byte	0x0
 540 00b1 00       		.byte	0x0
 541 00b2 0D       		.uleb128 0xd
 542 00b3 34       		.uleb128 0x34
 543 00b4 00       		.byte	0x0
 544 00b5 03       		.uleb128 0x3
 545 00b6 0E       		.uleb128 0xe
 546 00b7 3A       		.uleb128 0x3a
 547 00b8 0B       		.uleb128 0xb
 548 00b9 3B       		.uleb128 0x3b
 549 00ba 0B       		.uleb128 0xb
 550 00bb 49       		.uleb128 0x49
 551 00bc 13       		.uleb128 0x13
 552 00bd 3F       		.uleb128 0x3f
 553 00be 0C       		.uleb128 0xc
 554 00bf 02       		.uleb128 0x2
 555 00c0 0A       		.uleb128 0xa
 556 00c1 00       		.byte	0x0
 557 00c2 00       		.byte	0x0
 558 00c3 0E       		.uleb128 0xe
 559 00c4 35       		.uleb128 0x35
 560 00c5 00       		.byte	0x0
 561 00c6 49       		.uleb128 0x49
 562 00c7 13       		.uleb128 0x13
 563 00c8 00       		.byte	0x0
 564 00c9 00       		.byte	0x0
 565 00ca 00       		.byte	0x0
 566              		.section	.debug_pubnames,"",%progbits
 567 0000 37000000 		.4byte	0x37
 568 0004 0200     		.2byte	0x2
 569 0006 00000000 		.4byte	.Ldebug_info0
 570 000a 0F010000 		.4byte	0x10f
 571 000e 65000000 		.4byte	0x65
 572 0012 73656E64 		.ascii	"send_SPI\000"
 572      5F535049 
 572      00
 573 001b 97000000 		.4byte	0x97
 574 001f 6C65644D 		.ascii	"ledMatrix\000"
 574      61747269 
ARM GAS  /cygdrive/c/Users/embedded/AppData/Local/Temp/ccTKlHhb.s 			page 12


 574      7800
 575 0029 F7000000 		.4byte	0xf7
 576 002d 637A6173 		.ascii	"czasTimer\000"
 576      54696D65 
 576      7200
 577 0037 00000000 		.4byte	0x0
 578              		.section	.debug_aranges,"",%progbits
 579 0000 1C000000 		.4byte	0x1c
 580 0004 0200     		.2byte	0x2
 581 0006 00000000 		.4byte	.Ldebug_info0
 582 000a 04       		.byte	0x4
 583 000b 00       		.byte	0x0
 584 000c 0000     		.2byte	0x0
 585 000e 0000     		.2byte	0x0
 586 0010 00000000 		.4byte	.Ltext0
 587 0014 38010000 		.4byte	.Letext0-.Ltext0
 588 0018 00000000 		.4byte	0x0
 589 001c 00000000 		.4byte	0x0
 590              		.section	.debug_str,"MS",%progbits,1
 591              	.LASF13:
 592 0000 637A6173 		.ascii	"czasTimer\000"
 592      54696D65 
 592      7200
 593              	.LASF3:
 594 000a 756E7369 		.ascii	"unsigned int\000"
 594      676E6564 
 594      20696E74 
 594      00
 595              	.LASF12:
 596 0017 70617474 		.ascii	"pattern\000"
 596      65726E00 
 597              	.LASF7:
 598 001f 6C65644D 		.ascii	"ledMatrix\000"
 598      61747269 
 598      7800
 599              	.LASF11:
 600 0029 6C6F6E67 		.ascii	"long unsigned int\000"
 600      20756E73 
 600      69676E65 
 600      6420696E 
 600      7400
 601              	.LASF8:
 602 003b 6661696C 		.ascii	"failsafe\000"
 602      73616665 
 602      00
 603              	.LASF6:
 604 0044 73656E64 		.ascii	"send_SPI\000"
 604      5F535049 
 604      00
 605              	.LASF0:
 606 004d 756E7369 		.ascii	"unsigned char\000"
 606      676E6564 
 606      20636861 
 606      7200
 607              	.LASF16:
 608 005b 2F637967 		.ascii	"/cygdrive/c/Users/embedded/Desktop/2148/irq\000"
 608      64726976 
ARM GAS  /cygdrive/c/Users/embedded/AppData/Local/Temp/ccTKlHhb.s 			page 13


 608      652F632F 
 608      55736572 
 608      732F656D 
 609              	.LASF9:
 610 0087 696E6465 		.ascii	"index\000"
 610      7800
 611              	.LASF14:
 612 008d 474E5520 		.ascii	"GNU C 4.1.1\000"
 612      4320342E 
 612      312E3100 
 613              	.LASF1:
 614 0099 73686F72 		.ascii	"short unsigned int\000"
 614      7420756E 
 614      7369676E 
 614      65642069 
 614      6E7400
 615              	.LASF4:
 616 00ac 7369676E 		.ascii	"signed char\000"
 616      65642063 
 616      68617200 
 617              	.LASF17:
 618 00b8 696E6461 		.ascii	"indata\000"
 618      746100
 619              	.LASF5:
 620 00bf 73686F72 		.ascii	"short int\000"
 620      7420696E 
 620      7400
 621              	.LASF15:
 622 00c9 6972715F 		.ascii	"irq_timer1.c\000"
 622      74696D65 
 622      72312E63 
 622      00
 623              	.LASF2:
 624 00d6 74553332 		.ascii	"tU32\000"
 624      00
 625              	.LASF10:
 626 00db 636F6C75 		.ascii	"columnCounter\000"
 626      6D6E436F 
 626      756E7465 
 626      7200
 627              		.ident	"GCC: (GNU) 4.1.1"
ARM GAS  /cygdrive/c/Users/embedded/AppData/Local/Temp/ccTKlHhb.s 			page 14


DEFINED SYMBOLS
                            *ABS*:00000000 irq_timer1.c
/cygdrive/c/Users/embedded/AppData/Local/Temp/ccTKlHhb.s:13     .text:00000000 send_SPI
/cygdrive/c/Users/embedded/AppData/Local/Temp/ccTKlHhb.s:23     .text:00000000 $a
/cygdrive/c/Users/embedded/AppData/Local/Temp/ccTKlHhb.s:78     .text:00000084 $d
/cygdrive/c/Users/embedded/AppData/Local/Temp/ccTKlHhb.s:87     .text:00000094 ledMatrix
/cygdrive/c/Users/embedded/AppData/Local/Temp/ccTKlHhb.s:93     .text:00000094 $a
/cygdrive/c/Users/embedded/AppData/Local/Temp/ccTKlHhb.s:152    .text:00000124 $d
/cygdrive/c/Users/embedded/AppData/Local/Temp/ccTKlHhb.s:164    .bss:00000000 czasTimer
/cygdrive/c/Users/embedded/AppData/Local/Temp/ccTKlHhb.s:172    .data:00000000 columnCounter.1261
/cygdrive/c/Users/embedded/AppData/Local/Temp/ccTKlHhb.s:166    .bss:00000004 index.1262
/cygdrive/c/Users/embedded/AppData/Local/Temp/ccTKlHhb.s:173    .data:00000000 $d

UNDEFINED SYMBOLS
pattern
